2018-06-21 20:40:11,911 - language_support.LanguageSupport - DEBUG - initializing tags...
2018-06-21 20:40:11,912 - language_support.LanguageSupport - DEBUG - tags: 2
2018-06-21 20:40:11,912 - language_support.LanguageSupport - DEBUG - initializing filenames...
2018-06-21 20:40:11,913 - language_support.LanguageSupport - DEBUG - Files: 2
2018-06-21 20:40:11,913 - language_support.LanguageSupport - DEBUG - initializing reference file...
2018-06-21 20:40:11,915 - language_support.LanguageSupport - DEBUG - retrived strings: 4
2018-06-21 20:40:11,915 - language_support.LanguageSupport - DEBUG - Reading language files...
2018-06-21 20:40:11,916 - language_support.LanguageSupport - DEBUG - reading blocks..
2018-06-21 20:40:11,917 - language_support.LanguageSupport - DEBUG - reading blocks..
2018-06-21 20:40:11,920 - __main__ - INFO - 
---Happy rate bot---
2018-06-21 20:40:11,922 - __main__ - INFO - Bot data read, bot ready
2018-06-21 20:40:11,922 - Databases - DEBUG - loading db...
2018-06-21 20:40:11,923 - Databases - DEBUG - Loaded 1 data
2018-06-21 20:40:11,924 - PersonDB - INFO - loaded persons db
2018-06-21 20:40:11,924 - PersonDB - INFO - last uid:0
2018-06-21 20:40:11,924 - Databases - DEBUG - loading db...
2018-06-21 20:40:11,926 - Databases - DEBUG - Loaded 1 data
2018-06-21 20:40:11,926 - ChatsDB - INFO - loaded chats db
2018-06-21 20:40:11,927 - ChatsDB - INFO - last uid:1
2018-06-21 20:40:11,927 - Databases - DEBUG - loading db...
2018-06-21 20:40:11,929 - Databases - DEBUG - Loaded 1 data
2018-06-21 20:40:11,929 - UsersDB - INFO - loaded users database
2018-06-21 20:40:11,929 - UsersDB - INFO - last uid:1
2018-06-21 20:40:11,930 - __main__ - INFO - Loaded databases
2018-06-21 20:40:11,931 - __main__ - INFO - Message loop started
2018-06-21 20:41:31,419 - __main__ - DEBUG - private message received
2018-06-21 20:41:32,010 - UsersDB - DEBUG - User already in database, got user
2018-06-21 20:41:32,553 - __main__ - DEBUG - handle privacy policy
2018-06-21 20:41:32,554 - __main__ - DEBUG - handle rest
2018-06-21 20:41:32,555 - language_support.LanguageSupport - DEBUG - translating string...
2018-06-21 20:41:32,803 - ChatsDB - DEBUG - updating database...
2018-06-21 20:41:32,803 - UsersDB - INFO - updating database...
2018-06-21 20:41:32,804 - PersonDB - DEBUG - updating database...
2018-06-21 20:41:38,846 - __main__ - DEBUG - private message received
2018-06-21 20:41:39,427 - UsersDB - DEBUG - User already in database, got user
2018-06-21 20:41:39,981 - __main__ - DEBUG - handle privacy policy
2018-06-21 20:41:39,982 - Handle - DEBUG - working on function /decline
2018-06-21 20:41:40,056 - language_support.LanguageSupport - DEBUG - translating string...
2018-06-21 20:41:40,151 - ChatsDB - DEBUG - updating database...
2018-06-21 20:41:40,151 - UsersDB - INFO - updating database...
2018-06-21 20:41:40,152 - PersonDB - DEBUG - updating database...
2018-06-21 22:59:20,093 - language_support.LanguageSupport - DEBUG - initializing tags...
2018-06-21 22:59:20,095 - language_support.LanguageSupport - DEBUG - tags: 2
2018-06-21 22:59:20,095 - language_support.LanguageSupport - DEBUG - initializing filenames...
2018-06-21 22:59:20,096 - language_support.LanguageSupport - DEBUG - Files: 2
2018-06-21 22:59:20,096 - language_support.LanguageSupport - DEBUG - initializing reference file...
2018-06-21 22:59:20,099 - language_support.LanguageSupport - DEBUG - retrived strings: 4
2018-06-21 22:59:20,099 - language_support.LanguageSupport - DEBUG - Reading language files...
2018-06-21 22:59:20,099 - language_support.LanguageSupport - DEBUG - reading blocks..
2018-06-21 22:59:20,101 - language_support.LanguageSupport - DEBUG - reading blocks..
2018-06-21 22:59:33,657 - language_support.LanguageSupport - DEBUG - initializing tags...
2018-06-21 22:59:33,658 - language_support.LanguageSupport - DEBUG - tags: 2
2018-06-21 22:59:33,658 - language_support.LanguageSupport - DEBUG - initializing filenames...
2018-06-21 22:59:33,659 - language_support.LanguageSupport - DEBUG - Files: 2
2018-06-21 22:59:33,659 - language_support.LanguageSupport - DEBUG - initializing reference file...
2018-06-21 22:59:33,660 - language_support.LanguageSupport - DEBUG - retrived strings: 4
2018-06-21 22:59:33,660 - language_support.LanguageSupport - DEBUG - Reading language files...
2018-06-21 22:59:33,661 - language_support.LanguageSupport - DEBUG - reading blocks..
2018-06-21 22:59:33,662 - language_support.LanguageSupport - DEBUG - reading blocks..
2018-06-21 22:59:33,664 - __main__ - INFO - 
---Happy rate bot---
2018-06-21 22:59:33,665 - __main__ - INFO - Bot data read, bot ready
2018-06-21 22:59:33,665 - Databases - DEBUG - loading db...
2018-06-21 22:59:33,666 - Databases - DEBUG - Loaded 1 data
2018-06-21 22:59:33,667 - PersonDB - INFO - loaded persons db
2018-06-21 22:59:33,667 - PersonDB - INFO - last uid:0
2018-06-21 22:59:33,667 - Databases - DEBUG - loading db...
2018-06-21 22:59:33,669 - Databases - DEBUG - Loaded 1 data
2018-06-21 22:59:33,670 - ChatsDB - INFO - loaded chats db
2018-06-21 22:59:33,671 - ChatsDB - INFO - last uid:1
2018-06-21 22:59:33,671 - Databases - DEBUG - loading db...
2018-06-21 22:59:33,672 - Databases - DEBUG - Loaded 1 data
2018-06-21 22:59:33,672 - UsersDB - INFO - loaded users database
2018-06-21 22:59:33,673 - UsersDB - INFO - last uid:1
2018-06-21 22:59:33,673 - __main__ - INFO - Loaded databases
2018-06-21 22:59:33,675 - __main__ - INFO - Message loop started
2018-06-21 23:03:52,088 - __main__ - DEBUG - private message received
2018-06-21 23:03:52,660 - UsersDB - DEBUG - User already in database, got user
2018-06-21 23:03:53,217 - __main__ - DEBUG - handle rest
2018-06-21 23:03:53,218 - language_support.LanguageSupport - DEBUG - translating string...
2018-06-21 23:03:59,984 - ChatsDB - DEBUG - updating database...
2018-06-21 23:03:59,985 - UsersDB - INFO - updating database...
2018-06-21 23:03:59,985 - PersonDB - DEBUG - updating database...
2018-06-21 23:04:13,350 - __main__ - DEBUG - private message received
2018-06-21 23:04:13,905 - UsersDB - DEBUG - User already in database, got user
2018-06-21 23:04:14,449 - __main__ - DEBUG - handle rest
2018-06-21 23:04:14,451 - language_support.LanguageSupport - DEBUG - translating string...
2018-06-21 23:04:14,667 - ChatsDB - DEBUG - updating database...
2018-06-21 23:04:14,667 - UsersDB - INFO - updating database...
2018-06-21 23:04:14,668 - PersonDB - DEBUG - updating database...
2018-06-21 23:04:46,205 - __main__ - DEBUG - private message received
2018-06-21 23:04:46,773 - UsersDB - DEBUG - User already in database, got user
2018-06-21 23:04:47,315 - __main__ - DEBUG - handle rest
2018-06-21 23:04:47,316 - language_support.LanguageSupport - DEBUG - translating string...
2018-06-21 23:04:47,397 - ChatsDB - DEBUG - updating database...
2018-06-21 23:04:47,397 - UsersDB - INFO - updating database...
2018-06-21 23:04:47,398 - PersonDB - DEBUG - updating database...
2018-06-21 23:04:57,926 - language_support.LanguageSupport - DEBUG - initializing tags...
2018-06-21 23:04:57,927 - language_support.LanguageSupport - DEBUG - tags: 2
2018-06-21 23:04:57,928 - language_support.LanguageSupport - DEBUG - initializing filenames...
2018-06-21 23:04:57,929 - language_support.LanguageSupport - DEBUG - Files: 2
2018-06-21 23:04:57,929 - language_support.LanguageSupport - DEBUG - initializing reference file...
2018-06-21 23:04:57,930 - language_support.LanguageSupport - DEBUG - retrived strings: 4
2018-06-21 23:04:57,930 - language_support.LanguageSupport - DEBUG - Reading language files...
2018-06-21 23:04:57,931 - language_support.LanguageSupport - DEBUG - reading blocks..
2018-06-21 23:04:57,932 - language_support.LanguageSupport - DEBUG - reading blocks..
2018-06-21 23:04:57,934 - __main__ - INFO - 
---Happy rate bot---
2018-06-21 23:04:57,935 - __main__ - INFO - Bot data read, bot ready
2018-06-21 23:04:57,935 - Databases - DEBUG - loading db...
2018-06-21 23:04:57,937 - Databases - DEBUG - Loaded 1 data
2018-06-21 23:04:57,937 - PersonDB - INFO - loaded persons db
2018-06-21 23:04:57,938 - PersonDB - INFO - last uid:0
2018-06-21 23:04:57,938 - Databases - DEBUG - loading db...
2018-06-21 23:04:57,939 - Databases - DEBUG - Loaded 1 data
2018-06-21 23:04:57,939 - ChatsDB - INFO - loaded chats db
2018-06-21 23:04:57,939 - ChatsDB - INFO - last uid:1
2018-06-21 23:04:57,940 - Databases - DEBUG - loading db...
2018-06-21 23:04:57,941 - Databases - DEBUG - Loaded 0 data
2018-06-21 23:04:57,941 - UsersDB - INFO - loaded users database
2018-06-21 23:04:57,941 - __main__ - INFO - Loaded databases
2018-06-21 23:04:57,942 - __main__ - INFO - Message loop started
2018-06-21 23:05:03,597 - __main__ - DEBUG - private message received
2018-06-21 23:05:04,160 - UsersDB - INFO - added new user to database: 1
2018-06-21 23:05:04,161 - UsersDB - DEBUG - display id 692454351
2018-06-21 23:05:04,161 - UsersDB - DEBUG - User already in database, got user
2018-06-21 23:05:04,700 - __main__ - DEBUG - handle privacy policy
2018-06-21 23:05:04,701 - language_support.LanguageSupport - DEBUG - translating string...
2018-06-21 23:05:05,283 - ChatsDB - DEBUG - updating database...
2018-06-21 23:05:05,284 - UsersDB - INFO - updating database...
2018-06-21 23:05:05,286 - Databases - DEBUG - database update!
2018-06-21 23:05:05,287 - PersonDB - DEBUG - updating database...
2018-06-21 23:05:09,193 - __main__ - DEBUG - private message received
2018-06-21 23:05:09,781 - UsersDB - DEBUG - User already in database, got user
2018-06-21 23:05:10,334 - __main__ - DEBUG - handle privacy policy
2018-06-21 23:05:10,335 - Handle - DEBUG - working on function /privacy_policy
2018-06-21 23:05:10,335 - language_support.LanguageSupport - DEBUG - translating string...
2018-06-21 23:05:10,336 - language_support.LanguageSupport - DEBUG - add new string...
2018-06-21 23:05:10,515 - language_support.LanguageSupport - DEBUG - translating string...
2018-06-21 23:05:10,584 - ChatsDB - DEBUG - updating database...
2018-06-21 23:05:10,585 - UsersDB - INFO - updating database...
2018-06-21 23:05:10,585 - PersonDB - DEBUG - updating database...
2018-06-21 23:05:30,301 - __main__ - DEBUG - private message received
2018-06-21 23:05:30,889 - UsersDB - DEBUG - User already in database, got user
2018-06-21 23:05:31,441 - __main__ - DEBUG - handle privacy policy
2018-06-21 23:05:31,442 - Handle - DEBUG - working on function /decline
2018-06-21 23:05:31,524 - language_support.LanguageSupport - DEBUG - translating string...
2018-06-21 23:05:31,587 - ChatsDB - DEBUG - updating database...
2018-06-21 23:05:31,588 - UsersDB - INFO - updating database...
2018-06-21 23:05:31,588 - PersonDB - DEBUG - updating database...
2018-06-21 23:05:56,765 - __main__ - DEBUG - private message received
2018-06-21 23:05:57,340 - UsersDB - DEBUG - User already in database, got user
2018-06-21 23:05:57,882 - __main__ - DEBUG - handle privacy policy
2018-06-21 23:05:57,883 - Handle - DEBUG - working on function /decline
2018-06-21 23:05:57,973 - language_support.LanguageSupport - DEBUG - translating string...
2018-06-21 23:05:58,094 - ChatsDB - DEBUG - updating database...
2018-06-21 23:05:58,095 - UsersDB - INFO - updating database...
2018-06-21 23:05:58,095 - PersonDB - DEBUG - updating database...
2018-06-21 23:06:00,741 - __main__ - DEBUG - private message received
2018-06-21 23:06:01,293 - UsersDB - DEBUG - User already in database, got user
2018-06-21 23:06:01,840 - __main__ - DEBUG - handle privacy policy
2018-06-21 23:06:01,841 - Handle - DEBUG - working on function /accept
2018-06-21 23:06:01,982 - ChatsDB - DEBUG - updating database...
2018-06-21 23:06:01,982 - UsersDB - INFO - updating database...
2018-06-21 23:06:01,984 - Databases - DEBUG - database update!
2018-06-21 23:06:01,984 - PersonDB - DEBUG - updating database...
2018-06-21 23:17:11,267 - language_support.LanguageSupport - DEBUG - initializing tags...
2018-06-21 23:17:11,267 - language_support.LanguageSupport - DEBUG - tags: 2
2018-06-21 23:17:11,268 - language_support.LanguageSupport - DEBUG - initializing filenames...
2018-06-21 23:17:11,268 - language_support.LanguageSupport - DEBUG - Files: 2
2018-06-21 23:17:11,268 - language_support.LanguageSupport - DEBUG - initializing reference file...
2018-06-21 23:17:11,268 - language_support.LanguageSupport - DEBUG - retrived strings: 5
2018-06-21 23:17:11,269 - language_support.LanguageSupport - DEBUG - Reading language files...
2018-06-21 23:17:11,269 - language_support.LanguageSupport - DEBUG - reading blocks..
2018-06-21 23:17:11,269 - language_support.LanguageSupport - DEBUG - reading blocks..
2018-06-21 23:17:11,271 - __main__ - INFO - 
---Happy rate bot---
2018-06-21 23:17:11,271 - __main__ - INFO - Bot data read, bot ready
2018-06-21 23:17:11,271 - Databases - DEBUG - loading db...
2018-06-21 23:17:11,272 - Databases - DEBUG - Loaded 1 data
2018-06-21 23:17:11,272 - PersonDB - INFO - loaded persons db
2018-06-21 23:17:11,273 - PersonDB - INFO - last uid:0
2018-06-21 23:17:11,273 - Databases - DEBUG - loading db...
2018-06-21 23:17:11,273 - Databases - DEBUG - Loaded 1 data
2018-06-21 23:17:11,273 - ChatsDB - INFO - loaded chats db
2018-06-21 23:17:11,273 - ChatsDB - INFO - last uid:1
2018-06-21 23:17:11,274 - Databases - DEBUG - loading db...
2018-06-21 23:17:11,274 - Databases - DEBUG - Loaded 0 data
2018-06-21 23:17:11,274 - UsersDB - INFO - loaded users database
2018-06-21 23:17:11,274 - __main__ - INFO - Loaded databases
2018-06-21 23:17:11,275 - __main__ - INFO - Message loop started
2018-06-21 23:17:56,703 - __main__ - DEBUG - private message received
2018-06-21 23:17:57,275 - UsersDB - INFO - added new user to database: 1
2018-06-21 23:17:57,276 - UsersDB - DEBUG - display id 4172851532
2018-06-21 23:17:57,277 - UsersDB - DEBUG - User already in database, got user
2018-06-21 23:17:57,841 - __main__ - DEBUG - handle privacy policy
2018-06-21 23:17:57,842 - language_support.LanguageSupport - DEBUG - translating string...
2018-06-21 23:17:58,345 - ChatsDB - DEBUG - updating database...
2018-06-21 23:17:58,346 - UsersDB - INFO - updating database...
2018-06-21 23:17:58,348 - Databases - DEBUG - database update!
2018-06-21 23:17:58,348 - PersonDB - DEBUG - updating database...
2018-06-21 23:18:06,374 - __main__ - DEBUG - private message received
2018-06-21 23:18:06,939 - UsersDB - DEBUG - User already in database, got user
2018-06-21 23:18:07,475 - __main__ - DEBUG - handle privacy policy
2018-06-21 23:18:07,476 - Handle - DEBUG - working on function /privacy_policy
2018-06-21 23:18:07,476 - language_support.LanguageSupport - DEBUG - translating string...
2018-06-21 23:18:07,565 - language_support.LanguageSupport - DEBUG - translating string...
2018-06-21 23:18:08,101 - ChatsDB - DEBUG - updating database...
2018-06-21 23:18:08,102 - UsersDB - INFO - updating database...
2018-06-21 23:18:08,102 - PersonDB - DEBUG - updating database...
2018-06-21 23:18:20,785 - __main__ - DEBUG - private message received
2018-06-21 23:18:21,321 - UsersDB - DEBUG - User already in database, got user
2018-06-21 23:18:21,858 - __main__ - DEBUG - handle privacy policy
2018-06-21 23:18:21,859 - Handle - DEBUG - working on function /decline
2018-06-21 23:19:49,887 - language_support.LanguageSupport - DEBUG - initializing tags...
2018-06-21 23:19:49,888 - language_support.LanguageSupport - DEBUG - tags: 2
2018-06-21 23:19:49,888 - language_support.LanguageSupport - DEBUG - initializing filenames...
2018-06-21 23:19:49,888 - language_support.LanguageSupport - DEBUG - Files: 2
2018-06-21 23:19:49,889 - language_support.LanguageSupport - DEBUG - initializing reference file...
2018-06-21 23:19:49,889 - language_support.LanguageSupport - DEBUG - retrived strings: 5
2018-06-21 23:19:49,889 - language_support.LanguageSupport - DEBUG - Reading language files...
2018-06-21 23:19:49,889 - language_support.LanguageSupport - DEBUG - reading blocks..
2018-06-21 23:19:49,890 - language_support.LanguageSupport - DEBUG - reading blocks..
2018-06-21 23:19:49,891 - __main__ - INFO - 
---Happy rate bot---
2018-06-21 23:19:49,892 - __main__ - INFO - Bot data read, bot ready
2018-06-21 23:19:49,892 - Databases - DEBUG - loading db...
2018-06-21 23:19:49,893 - Databases - DEBUG - Loaded 1 data
2018-06-21 23:19:49,893 - PersonDB - INFO - loaded persons db
2018-06-21 23:19:49,893 - PersonDB - INFO - last uid:0
2018-06-21 23:19:49,893 - Databases - DEBUG - loading db...
2018-06-21 23:19:49,894 - Databases - DEBUG - Loaded 1 data
2018-06-21 23:19:49,894 - ChatsDB - INFO - loaded chats db
2018-06-21 23:19:49,895 - ChatsDB - INFO - last uid:1
2018-06-21 23:19:49,895 - Databases - DEBUG - loading db...
2018-06-21 23:19:49,895 - Databases - DEBUG - Loaded 1 data
2018-06-21 23:19:49,896 - UsersDB - INFO - loaded users database
2018-06-21 23:19:49,896 - UsersDB - INFO - last uid:1
2018-06-21 23:19:49,896 - __main__ - INFO - Loaded databases
2018-06-21 23:19:49,897 - __main__ - INFO - Message loop started
2018-06-21 23:19:57,947 - __main__ - DEBUG - private message received
2018-06-21 23:19:58,503 - UsersDB - DEBUG - User already in database, got user
2018-06-21 23:19:59,030 - __main__ - DEBUG - handle privacy policy
2018-06-21 23:19:59,030 - Handle - DEBUG - working on function /decline
2018-06-21 23:20:55,817 - language_support.LanguageSupport - DEBUG - initializing tags...
2018-06-21 23:20:55,818 - language_support.LanguageSupport - DEBUG - tags: 2
2018-06-21 23:20:55,818 - language_support.LanguageSupport - DEBUG - initializing filenames...
2018-06-21 23:20:55,819 - language_support.LanguageSupport - DEBUG - Files: 2
2018-06-21 23:20:55,819 - language_support.LanguageSupport - DEBUG - initializing reference file...
2018-06-21 23:20:55,819 - language_support.LanguageSupport - DEBUG - retrived strings: 5
2018-06-21 23:20:55,820 - language_support.LanguageSupport - DEBUG - Reading language files...
2018-06-21 23:20:55,820 - language_support.LanguageSupport - DEBUG - reading blocks..
2018-06-21 23:20:55,820 - language_support.LanguageSupport - DEBUG - reading blocks..
2018-06-21 23:20:55,821 - __main__ - INFO - 
---Happy rate bot---
2018-06-21 23:20:55,822 - __main__ - INFO - Bot data read, bot ready
2018-06-21 23:20:55,822 - Databases - DEBUG - loading db...
2018-06-21 23:20:55,823 - Databases - DEBUG - Loaded 1 data
2018-06-21 23:20:55,823 - PersonDB - INFO - loaded persons db
2018-06-21 23:20:55,823 - PersonDB - INFO - last uid:0
2018-06-21 23:20:55,823 - Databases - DEBUG - loading db...
2018-06-21 23:20:55,824 - Databases - DEBUG - Loaded 1 data
2018-06-21 23:20:55,824 - ChatsDB - INFO - loaded chats db
2018-06-21 23:20:55,825 - ChatsDB - INFO - last uid:1
2018-06-21 23:20:55,825 - Databases - DEBUG - loading db...
2018-06-21 23:20:55,825 - Databases - DEBUG - Loaded 1 data
2018-06-21 23:20:55,826 - UsersDB - INFO - loaded users database
2018-06-21 23:20:55,826 - UsersDB - INFO - last uid:1
2018-06-21 23:20:55,826 - __main__ - INFO - Loaded databases
2018-06-21 23:20:55,827 - __main__ - INFO - Message loop started
2018-06-21 23:20:58,256 - __main__ - DEBUG - private message received
2018-06-21 23:20:58,821 - UsersDB - DEBUG - User already in database, got user
2018-06-21 23:20:59,355 - __main__ - DEBUG - handle privacy policy
2018-06-21 23:20:59,356 - Handle - DEBUG - working on function /decline
2018-06-21 23:22:04,572 - language_support.LanguageSupport - DEBUG - initializing tags...
2018-06-21 23:22:04,572 - language_support.LanguageSupport - DEBUG - tags: 2
2018-06-21 23:22:04,572 - language_support.LanguageSupport - DEBUG - initializing filenames...
2018-06-21 23:22:04,573 - language_support.LanguageSupport - DEBUG - Files: 2
2018-06-21 23:22:04,573 - language_support.LanguageSupport - DEBUG - initializing reference file...
2018-06-21 23:22:04,573 - language_support.LanguageSupport - DEBUG - retrived strings: 5
2018-06-21 23:22:04,574 - language_support.LanguageSupport - DEBUG - Reading language files...
2018-06-21 23:22:04,574 - language_support.LanguageSupport - DEBUG - reading blocks..
2018-06-21 23:22:04,575 - language_support.LanguageSupport - DEBUG - reading blocks..
2018-06-21 23:22:04,576 - __main__ - INFO - 
---Happy rate bot---
2018-06-21 23:22:04,576 - __main__ - INFO - Bot data read, bot ready
2018-06-21 23:22:04,577 - Databases - DEBUG - loading db...
2018-06-21 23:22:04,577 - Databases - DEBUG - Loaded 1 data
2018-06-21 23:22:04,577 - PersonDB - INFO - loaded persons db
2018-06-21 23:22:04,578 - PersonDB - INFO - last uid:0
2018-06-21 23:22:04,578 - Databases - DEBUG - loading db...
2018-06-21 23:22:04,578 - Databases - DEBUG - Loaded 1 data
2018-06-21 23:22:04,578 - ChatsDB - INFO - loaded chats db
2018-06-21 23:22:04,579 - ChatsDB - INFO - last uid:1
2018-06-21 23:22:04,579 - Databases - DEBUG - loading db...
2018-06-21 23:22:04,580 - Databases - DEBUG - Loaded 1 data
2018-06-21 23:22:04,580 - UsersDB - INFO - loaded users database
2018-06-21 23:22:04,580 - UsersDB - INFO - last uid:1
2018-06-21 23:22:04,581 - __main__ - INFO - Loaded databases
2018-06-21 23:22:04,581 - __main__ - INFO - Message loop started
2018-06-21 23:22:08,565 - __main__ - DEBUG - private message received
2018-06-21 23:22:09,106 - UsersDB - DEBUG - User already in database, got user
2018-06-21 23:22:09,642 - __main__ - DEBUG - handle privacy policy
2018-06-21 23:22:09,642 - Handle - DEBUG - working on function /decline
2018-06-21 23:24:39,897 - language_support.LanguageSupport - DEBUG - initializing tags...
2018-06-21 23:24:39,897 - language_support.LanguageSupport - DEBUG - tags: 2
2018-06-21 23:24:39,897 - language_support.LanguageSupport - DEBUG - initializing filenames...
2018-06-21 23:24:39,898 - language_support.LanguageSupport - DEBUG - Files: 2
2018-06-21 23:24:39,898 - language_support.LanguageSupport - DEBUG - initializing reference file...
2018-06-21 23:24:39,898 - language_support.LanguageSupport - DEBUG - retrived strings: 5
2018-06-21 23:24:39,898 - language_support.LanguageSupport - DEBUG - Reading language files...
2018-06-21 23:24:39,899 - language_support.LanguageSupport - DEBUG - reading blocks..
2018-06-21 23:24:39,899 - language_support.LanguageSupport - DEBUG - reading blocks..
2018-06-21 23:24:39,900 - __main__ - INFO - 
---Happy rate bot---
2018-06-21 23:24:39,900 - __main__ - INFO - Bot data read, bot ready
2018-06-21 23:24:39,901 - Databases - DEBUG - loading db...
2018-06-21 23:24:39,901 - Databases - DEBUG - Loaded 1 data
2018-06-21 23:24:39,901 - PersonDB - INFO - loaded persons db
2018-06-21 23:24:39,902 - PersonDB - INFO - last uid:0
2018-06-21 23:24:39,902 - Databases - DEBUG - loading db...
2018-06-21 23:24:39,903 - Databases - DEBUG - Loaded 1 data
2018-06-21 23:24:39,903 - ChatsDB - INFO - loaded chats db
2018-06-21 23:24:39,903 - ChatsDB - INFO - last uid:1
2018-06-21 23:24:39,903 - Databases - DEBUG - loading db...
2018-06-21 23:24:39,903 - Databases - DEBUG - Loaded 0 data
2018-06-21 23:24:39,904 - UsersDB - INFO - loaded users database
2018-06-21 23:24:39,904 - __main__ - INFO - Loaded databases
2018-06-21 23:24:39,905 - __main__ - INFO - Message loop started
2018-06-21 23:24:45,277 - __main__ - DEBUG - private message received
2018-06-21 23:24:45,821 - UsersDB - INFO - added new user to database: 1
2018-06-21 23:24:45,821 - UsersDB - DEBUG - display id 2190064309
2018-06-21 23:24:45,822 - UsersDB - DEBUG - User already in database, got user
2018-06-21 23:24:46,393 - __main__ - DEBUG - handle privacy policy
2018-06-21 23:24:46,393 - Handle - DEBUG - working on function /decline
2018-06-21 23:25:06,285 - __main__ - DEBUG - private message received
2018-06-21 23:25:06,839 - UsersDB - DEBUG - User already in database, got user
2018-06-21 23:25:07,399 - __main__ - DEBUG - handle privacy policy
2018-06-21 23:25:07,400 - language_support.LanguageSupport - DEBUG - translating string...
2018-06-21 23:25:07,502 - ChatsDB - DEBUG - updating database...
2018-06-21 23:25:07,503 - UsersDB - INFO - updating database...
2018-06-21 23:25:07,505 - Databases - DEBUG - database update!
2018-06-21 23:25:07,505 - PersonDB - DEBUG - updating database...
2018-06-21 23:25:10,908 - __main__ - DEBUG - private message received
2018-06-21 23:25:11,442 - UsersDB - DEBUG - User already in database, got user
2018-06-21 23:25:11,975 - __main__ - DEBUG - handle privacy policy
2018-06-21 23:25:11,976 - Handle - DEBUG - working on function /decline
2018-06-21 23:25:12,075 - language_support.LanguageSupport - DEBUG - translating string...
2018-06-21 23:25:12,137 - ChatsDB - DEBUG - updating database...
2018-06-21 23:25:12,137 - UsersDB - INFO - updating database...
2018-06-21 23:25:12,137 - PersonDB - DEBUG - updating database...
2018-06-21 23:25:31,543 - __main__ - DEBUG - private message received
2018-06-21 23:25:32,119 - UsersDB - INFO - added new user to database: 2
2018-06-21 23:25:32,120 - UsersDB - DEBUG - display id 2088886063
2018-06-21 23:25:32,120 - UsersDB - DEBUG - User already in database, got user
2018-06-21 23:25:32,647 - __main__ - DEBUG - handle privacy policy
2018-06-21 23:25:32,648 - Handle - DEBUG - working on function /decline
2018-06-21 23:25:36,814 - __main__ - DEBUG - private message received
2018-06-21 23:25:37,353 - UsersDB - DEBUG - User already in database, got user
2018-06-21 23:25:37,906 - __main__ - DEBUG - handle privacy policy
2018-06-21 23:25:37,907 - language_support.LanguageSupport - DEBUG - translating string...
2018-06-21 23:25:38,280 - ChatsDB - DEBUG - updating database...
2018-06-21 23:25:38,280 - UsersDB - INFO - updating database...
2018-06-21 23:25:38,282 - Databases - DEBUG - database update!
2018-06-21 23:25:38,282 - PersonDB - DEBUG - updating database...
2018-06-21 23:25:42,650 - __main__ - DEBUG - private message received
2018-06-21 23:25:43,206 - UsersDB - DEBUG - User already in database, got user
2018-06-21 23:25:43,740 - __main__ - DEBUG - handle privacy policy
2018-06-21 23:25:43,741 - Handle - DEBUG - working on function /decline
2018-06-21 23:25:43,978 - language_support.LanguageSupport - DEBUG - translating string...
2018-06-21 23:25:44,112 - ChatsDB - DEBUG - updating database...
2018-06-21 23:25:44,113 - UsersDB - INFO - updating database...
2018-06-21 23:25:44,113 - PersonDB - DEBUG - updating database...
2018-06-21 23:25:55,846 - __main__ - DEBUG - private message received
2018-06-21 23:25:56,428 - UsersDB - INFO - added new user to database: 3
2018-06-21 23:25:56,428 - UsersDB - DEBUG - display id 3570951820
2018-06-21 23:25:56,428 - UsersDB - DEBUG - User already in database, got user
2018-06-21 23:25:56,960 - __main__ - DEBUG - handle privacy policy
2018-06-21 23:25:56,960 - Handle - DEBUG - working on function /accept
2018-06-21 23:25:57,094 - language_support.LanguageSupport - DEBUG - translating string...
2018-06-21 23:25:57,169 - ChatsDB - DEBUG - updating database...
2018-06-21 23:25:57,169 - UsersDB - INFO - updating database...
2018-06-21 23:25:57,172 - Databases - DEBUG - database update!
2018-06-21 23:25:57,173 - PersonDB - DEBUG - updating database...
2018-06-21 23:26:00,626 - __main__ - DEBUG - private message received
2018-06-21 23:26:01,167 - UsersDB - DEBUG - User already in database, got user
2018-06-21 23:26:01,698 - __main__ - DEBUG - handle rest
2018-06-21 23:26:01,698 - language_support.LanguageSupport - DEBUG - translating string...
2018-06-21 23:26:01,796 - ChatsDB - DEBUG - updating database...
2018-06-21 23:26:01,796 - UsersDB - INFO - updating database...
2018-06-21 23:26:01,797 - PersonDB - DEBUG - updating database...
2018-06-21 23:52:21,693 - language_support.LanguageSupport - DEBUG - initializing tags...
2018-06-21 23:52:21,694 - language_support.LanguageSupport - DEBUG - tags: 2
2018-06-21 23:52:21,694 - language_support.LanguageSupport - DEBUG - initializing filenames...
2018-06-21 23:52:21,695 - language_support.LanguageSupport - DEBUG - Files: 2
2018-06-21 23:52:21,695 - language_support.LanguageSupport - DEBUG - initializing reference file...
2018-06-21 23:52:21,696 - language_support.LanguageSupport - DEBUG - retrived strings: 5
2018-06-21 23:52:21,696 - language_support.LanguageSupport - DEBUG - Reading language files...
2018-06-21 23:52:21,696 - language_support.LanguageSupport - DEBUG - reading blocks..
2018-06-21 23:52:21,697 - language_support.LanguageSupport - DEBUG - reading blocks..
2018-06-21 23:52:46,653 - language_support.LanguageSupport - DEBUG - initializing tags...
2018-06-21 23:52:46,653 - language_support.LanguageSupport - DEBUG - tags: 2
2018-06-21 23:52:46,653 - language_support.LanguageSupport - DEBUG - initializing filenames...
2018-06-21 23:52:46,654 - language_support.LanguageSupport - DEBUG - Files: 2
2018-06-21 23:52:46,654 - language_support.LanguageSupport - DEBUG - initializing reference file...
2018-06-21 23:52:46,654 - language_support.LanguageSupport - DEBUG - retrived strings: 5
2018-06-21 23:52:46,654 - language_support.LanguageSupport - DEBUG - Reading language files...
2018-06-21 23:52:46,655 - language_support.LanguageSupport - DEBUG - reading blocks..
2018-06-21 23:52:46,655 - language_support.LanguageSupport - DEBUG - reading blocks..
2018-06-21 23:52:55,216 - language_support.LanguageSupport - DEBUG - initializing tags...
2018-06-21 23:52:55,216 - language_support.LanguageSupport - DEBUG - tags: 2
2018-06-21 23:52:55,216 - language_support.LanguageSupport - DEBUG - initializing filenames...
2018-06-21 23:52:55,217 - language_support.LanguageSupport - DEBUG - Files: 2
2018-06-21 23:52:55,217 - language_support.LanguageSupport - DEBUG - initializing reference file...
2018-06-21 23:52:55,218 - language_support.LanguageSupport - DEBUG - retrived strings: 5
2018-06-21 23:52:55,218 - language_support.LanguageSupport - DEBUG - Reading language files...
2018-06-21 23:52:55,218 - language_support.LanguageSupport - DEBUG - reading blocks..
2018-06-21 23:52:55,218 - language_support.LanguageSupport - DEBUG - reading blocks..
2018-06-21 23:53:30,382 - language_support.LanguageSupport - DEBUG - initializing tags...
2018-06-21 23:53:30,383 - language_support.LanguageSupport - DEBUG - tags: 2
2018-06-21 23:53:30,383 - language_support.LanguageSupport - DEBUG - initializing filenames...
2018-06-21 23:53:30,383 - language_support.LanguageSupport - DEBUG - Files: 2
2018-06-21 23:53:30,384 - language_support.LanguageSupport - DEBUG - initializing reference file...
2018-06-21 23:53:30,384 - language_support.LanguageSupport - DEBUG - retrived strings: 5
2018-06-21 23:53:30,385 - language_support.LanguageSupport - DEBUG - Reading language files...
2018-06-21 23:53:30,385 - language_support.LanguageSupport - DEBUG - reading blocks..
2018-06-21 23:53:30,386 - language_support.LanguageSupport - DEBUG - reading blocks..
2018-06-21 23:54:07,505 - language_support.LanguageSupport - DEBUG - initializing tags...
2018-06-21 23:54:07,506 - language_support.LanguageSupport - DEBUG - tags: 2
2018-06-21 23:54:07,506 - language_support.LanguageSupport - DEBUG - initializing filenames...
2018-06-21 23:54:07,506 - language_support.LanguageSupport - DEBUG - Files: 2
2018-06-21 23:54:07,506 - language_support.LanguageSupport - DEBUG - initializing reference file...
2018-06-21 23:54:07,507 - language_support.LanguageSupport - DEBUG - retrived strings: 5
2018-06-21 23:54:07,507 - language_support.LanguageSupport - DEBUG - Reading language files...
2018-06-21 23:54:07,507 - language_support.LanguageSupport - DEBUG - reading blocks..
2018-06-21 23:54:07,508 - language_support.LanguageSupport - DEBUG - reading blocks..
2018-06-21 23:55:02,203 - language_support.LanguageSupport - DEBUG - initializing tags...
2018-06-21 23:55:02,205 - language_support.LanguageSupport - DEBUG - tags: 2
2018-06-21 23:55:02,206 - language_support.LanguageSupport - DEBUG - initializing filenames...
2018-06-21 23:55:02,207 - language_support.LanguageSupport - DEBUG - Files: 2
2018-06-21 23:55:02,207 - language_support.LanguageSupport - DEBUG - initializing reference file...
2018-06-21 23:55:02,208 - language_support.LanguageSupport - DEBUG - retrived strings: 5
2018-06-21 23:55:02,208 - language_support.LanguageSupport - DEBUG - Reading language files...
2018-06-21 23:55:02,208 - language_support.LanguageSupport - DEBUG - reading blocks..
2018-06-21 23:55:02,209 - language_support.LanguageSupport - DEBUG - reading blocks..
2018-06-21 23:55:29,727 - language_support.LanguageSupport - DEBUG - initializing tags...
2018-06-21 23:55:29,727 - language_support.LanguageSupport - DEBUG - tags: 2
2018-06-21 23:55:29,727 - language_support.LanguageSupport - DEBUG - initializing filenames...
2018-06-21 23:55:29,728 - language_support.LanguageSupport - DEBUG - Files: 2
2018-06-21 23:55:29,728 - language_support.LanguageSupport - DEBUG - initializing reference file...
2018-06-21 23:55:29,729 - language_support.LanguageSupport - DEBUG - retrived strings: 5
2018-06-21 23:55:29,729 - language_support.LanguageSupport - DEBUG - Reading language files...
2018-06-21 23:55:29,729 - language_support.LanguageSupport - DEBUG - reading blocks..
2018-06-21 23:55:29,730 - language_support.LanguageSupport - DEBUG - reading blocks..
2018-06-21 23:55:55,238 - language_support.LanguageSupport - DEBUG - initializing tags...
2018-06-21 23:55:55,239 - language_support.LanguageSupport - DEBUG - tags: 2
2018-06-21 23:55:55,239 - language_support.LanguageSupport - DEBUG - initializing filenames...
2018-06-21 23:55:55,239 - language_support.LanguageSupport - DEBUG - Files: 2
2018-06-21 23:55:55,239 - language_support.LanguageSupport - DEBUG - initializing reference file...
2018-06-21 23:55:55,240 - language_support.LanguageSupport - DEBUG - retrived strings: 5
2018-06-21 23:55:55,240 - language_support.LanguageSupport - DEBUG - Reading language files...
2018-06-21 23:55:55,240 - language_support.LanguageSupport - DEBUG - reading blocks..
2018-06-21 23:55:55,241 - language_support.LanguageSupport - DEBUG - reading blocks..
2018-06-21 23:56:12,613 - language_support.LanguageSupport - DEBUG - initializing tags...
2018-06-21 23:56:12,614 - language_support.LanguageSupport - DEBUG - tags: 2
2018-06-21 23:56:12,614 - language_support.LanguageSupport - DEBUG - initializing filenames...
2018-06-21 23:56:12,614 - language_support.LanguageSupport - DEBUG - Files: 2
2018-06-21 23:56:12,614 - language_support.LanguageSupport - DEBUG - initializing reference file...
2018-06-21 23:56:12,615 - language_support.LanguageSupport - DEBUG - retrived strings: 5
2018-06-21 23:56:12,615 - language_support.LanguageSupport - DEBUG - Reading language files...
2018-06-21 23:56:12,615 - language_support.LanguageSupport - DEBUG - reading blocks..
2018-06-21 23:56:12,616 - language_support.LanguageSupport - DEBUG - reading blocks..
2018-06-21 23:56:12,617 - __main__ - INFO - 
---Happy rate bot---
2018-06-21 23:56:12,618 - __main__ - INFO - Bot data read, bot ready
2018-06-21 23:56:12,618 - Databases - DEBUG - loading db...
2018-06-21 23:56:12,619 - Databases - DEBUG - Loaded 1 data
2018-06-21 23:56:12,619 - PersonDB - INFO - loaded persons db
2018-06-21 23:56:12,619 - PersonDB - INFO - last uid:0
2018-06-21 23:56:12,620 - Databases - DEBUG - loading db...
2018-06-21 23:56:12,621 - Databases - DEBUG - Loaded 1 data
2018-06-21 23:56:12,621 - ChatsDB - INFO - loaded chats db
2018-06-21 23:56:12,621 - ChatsDB - INFO - last uid:1
2018-06-21 23:56:12,621 - Databases - DEBUG - loading db...
2018-06-21 23:56:12,622 - Databases - DEBUG - Loaded 1 data
2018-06-21 23:56:12,622 - UsersDB - INFO - loaded users database
2018-06-21 23:56:12,622 - UsersDB - INFO - last uid:3
2018-06-21 23:56:12,624 - __main__ - INFO - Loaded databases
2018-06-21 23:56:12,625 - __main__ - INFO - Message loop started
2018-06-21 23:56:18,273 - __main__ - DEBUG - private message received
2018-06-21 23:56:18,883 - UsersDB - DEBUG - User already in database, got user
2018-06-21 23:56:19,443 - __main__ - DEBUG - handle rest
2018-06-21 23:57:11,417 - language_support.LanguageSupport - DEBUG - initializing tags...
2018-06-21 23:57:11,418 - language_support.LanguageSupport - DEBUG - tags: 2
2018-06-21 23:57:11,418 - language_support.LanguageSupport - DEBUG - initializing filenames...
2018-06-21 23:57:11,419 - language_support.LanguageSupport - DEBUG - Files: 2
2018-06-21 23:57:11,420 - language_support.LanguageSupport - DEBUG - initializing reference file...
2018-06-21 23:57:11,420 - language_support.LanguageSupport - DEBUG - retrived strings: 5
2018-06-21 23:57:11,421 - language_support.LanguageSupport - DEBUG - Reading language files...
2018-06-21 23:57:11,421 - language_support.LanguageSupport - DEBUG - reading blocks..
2018-06-21 23:57:11,422 - language_support.LanguageSupport - DEBUG - reading blocks..
2018-06-21 23:57:11,423 - __main__ - INFO - 
---Happy rate bot---
2018-06-21 23:57:11,424 - __main__ - INFO - Bot data read, bot ready
2018-06-21 23:57:11,424 - Databases - DEBUG - loading db...
2018-06-21 23:57:11,425 - Databases - DEBUG - Loaded 1 data
2018-06-21 23:57:11,425 - PersonDB - INFO - loaded persons db
2018-06-21 23:57:11,425 - PersonDB - INFO - last uid:0
2018-06-21 23:57:11,426 - Databases - DEBUG - loading db...
2018-06-21 23:57:11,426 - Databases - DEBUG - Loaded 1 data
2018-06-21 23:57:11,427 - ChatsDB - INFO - loaded chats db
2018-06-21 23:57:11,427 - ChatsDB - INFO - last uid:1
2018-06-21 23:57:11,427 - Databases - DEBUG - loading db...
2018-06-21 23:57:11,428 - Databases - DEBUG - Loaded 1 data
2018-06-21 23:57:11,428 - UsersDB - INFO - loaded users database
2018-06-21 23:57:11,428 - UsersDB - INFO - last uid:3
2018-06-21 23:57:11,428 - __main__ - INFO - Loaded databases
2018-06-21 23:57:11,429 - __main__ - INFO - Message loop started
2018-06-21 23:57:17,035 - __main__ - DEBUG - private message received
2018-06-21 23:57:17,599 - UsersDB - DEBUG - User already in database, got user
2018-06-21 23:57:18,135 - __main__ - DEBUG - handle rest
2018-06-21 23:57:18,135 - language_support.LanguageSupport - DEBUG - translating string...
2018-06-21 23:57:18,365 - ChatsDB - DEBUG - updating database...
2018-06-21 23:57:18,366 - UsersDB - INFO - updating database...
2018-06-21 23:57:18,366 - PersonDB - DEBUG - updating database...
2018-06-21 23:57:26,682 - __main__ - DEBUG - private message received
2018-06-21 23:57:27,235 - UsersDB - DEBUG - User already in database, got user
2018-06-21 23:57:27,779 - __main__ - DEBUG - handle rest
2018-06-21 23:57:27,780 - language_support.LanguageSupport - DEBUG - translating string...
2018-06-21 23:57:27,780 - language_support.LanguageSupport - DEBUG - add new string...
2018-06-21 23:57:27,929 - language_support.LanguageSupport - DEBUG - translating string...
2018-06-21 23:57:27,996 - ChatsDB - DEBUG - updating database...
2018-06-21 23:57:27,997 - UsersDB - INFO - updating database...
2018-06-21 23:57:27,998 - PersonDB - DEBUG - updating database...
2018-06-21 23:58:52,040 - language_support.LanguageSupport - DEBUG - initializing tags...
2018-06-21 23:58:52,040 - language_support.LanguageSupport - DEBUG - tags: 2
2018-06-21 23:58:52,041 - language_support.LanguageSupport - DEBUG - initializing filenames...
2018-06-21 23:58:52,041 - language_support.LanguageSupport - DEBUG - Files: 2
2018-06-21 23:58:52,041 - language_support.LanguageSupport - DEBUG - initializing reference file...
2018-06-21 23:58:52,042 - language_support.LanguageSupport - DEBUG - retrived strings: 6
2018-06-21 23:58:52,042 - language_support.LanguageSupport - DEBUG - Reading language files...
2018-06-21 23:58:52,042 - language_support.LanguageSupport - DEBUG - reading blocks..
2018-06-21 23:58:52,043 - language_support.LanguageSupport - DEBUG - reading blocks..
2018-06-21 23:59:07,891 - language_support.LanguageSupport - DEBUG - initializing tags...
2018-06-21 23:59:07,892 - language_support.LanguageSupport - DEBUG - tags: 2
2018-06-21 23:59:07,892 - language_support.LanguageSupport - DEBUG - initializing filenames...
2018-06-21 23:59:07,892 - language_support.LanguageSupport - DEBUG - Files: 2
2018-06-21 23:59:07,892 - language_support.LanguageSupport - DEBUG - initializing reference file...
2018-06-21 23:59:07,893 - language_support.LanguageSupport - DEBUG - retrived strings: 6
2018-06-21 23:59:07,893 - language_support.LanguageSupport - DEBUG - Reading language files...
2018-06-21 23:59:07,893 - language_support.LanguageSupport - DEBUG - reading blocks..
2018-06-21 23:59:07,894 - language_support.LanguageSupport - DEBUG - reading blocks..
2018-06-21 23:59:07,895 - __main__ - INFO - 
---Happy rate bot---
2018-06-21 23:59:07,896 - __main__ - INFO - Bot data read, bot ready
2018-06-21 23:59:07,897 - PersonDB - INFO - loaded persons db
2018-06-21 23:59:07,897 - PersonDB - INFO - last uid:0
2018-06-21 23:59:07,898 - ChatsDB - INFO - loaded chats db
2018-06-21 23:59:07,899 - ChatsDB - INFO - last uid:1
2018-06-21 23:59:07,899 - UsersDB - INFO - loaded users database
2018-06-21 23:59:07,900 - UsersDB - INFO - last uid:3
2018-06-21 23:59:07,900 - __main__ - INFO - Loaded databases
2018-06-21 23:59:07,901 - __main__ - INFO - Message loop started
