2018-06-24 00:23:06,275 - __main__ - INFO - 
---Happy rate bot---
2018-06-24 00:23:06,275 - __main__ - INFO - Bot data read, bot ready
2018-06-24 00:23:06,276 - Databases - DEBUG - loading db...
2018-06-24 00:23:06,278 - Databases - INFO - Loaded 5 data
2018-06-24 00:23:06,278 - Databases - DEBUG - last uid:4
2018-06-24 00:23:06,279 - PersonDB - INFO - loaded persons db
2018-06-24 00:23:06,279 - Databases - DEBUG - loading db...
2018-06-24 00:23:06,281 - Databases - INFO - Loaded 5 data
2018-06-24 00:23:06,281 - Databases - DEBUG - last uid:5
2018-06-24 00:23:06,281 - ChatsDB - INFO - loaded chats db
2018-06-24 00:23:06,282 - Databases - DEBUG - loading db...
2018-06-24 00:23:06,283 - Databases - INFO - Loaded 5 data
2018-06-24 00:23:06,283 - Databases - DEBUG - last uid:13
2018-06-24 00:23:06,283 - UsersDB - INFO - loaded users database
2018-06-24 00:23:06,284 - Databases - DEBUG - loading db...
2018-06-24 00:23:06,285 - Databases - INFO - Loaded 4 data
2018-06-24 00:23:06,285 - Databases - DEBUG - last uid:4
2018-06-24 00:23:06,286 - CategoriesDB - INFO - loaded db
2018-06-24 00:23:06,286 - __main__ - INFO - Loaded databases
2018-06-24 00:23:06,287 - __main__ - INFO - Message loop started
2018-06-24 00:23:27,976 - __main__ - DEBUG - private message received
2018-06-24 00:23:29,129 - __main__ - DEBUG - handle normal requests
2018-06-24 00:23:29,129 - __main__ - DEBUG - Message: /categories
2018-06-24 00:23:30,549 - ChatsDB - INFO - updating database...
2018-06-24 00:23:30,549 - UsersDB - INFO - updating database...
2018-06-24 00:23:30,550 - CategoriesDB - INFO - updating database...
2018-06-24 00:23:30,551 - PersonDB - INFO - updating database...
2018-06-24 00:23:31,131 - __main__ - DEBUG - private message received
2018-06-24 00:23:32,271 - __main__ - DEBUG - handle normal requests
2018-06-24 00:23:32,272 - __main__ - DEBUG - Message: hi
2018-06-24 00:23:32,621 - ChatsDB - INFO - updating database...
2018-06-24 00:23:32,622 - UsersDB - INFO - updating database...
2018-06-24 00:23:32,622 - CategoriesDB - INFO - updating database...
2018-06-24 00:23:32,622 - PersonDB - INFO - updating database...
2018-06-24 00:23:35,709 - __main__ - DEBUG - private message received
2018-06-24 00:23:36,859 - __main__ - DEBUG - handle normal requests
2018-06-24 00:23:36,860 - __main__ - DEBUG - Message: /upload
2018-06-24 00:24:28,133 - __main__ - INFO - 
---Happy rate bot---
2018-06-24 00:24:28,133 - __main__ - INFO - Bot data read, bot ready
2018-06-24 00:24:28,133 - Databases - DEBUG - loading db...
2018-06-24 00:24:28,135 - Databases - INFO - Loaded 5 data
2018-06-24 00:24:28,136 - Databases - DEBUG - last uid:4
2018-06-24 00:24:28,136 - PersonDB - INFO - loaded persons db
2018-06-24 00:24:28,136 - Databases - DEBUG - loading db...
2018-06-24 00:24:28,138 - Databases - INFO - Loaded 5 data
2018-06-24 00:24:28,138 - Databases - DEBUG - last uid:5
2018-06-24 00:24:28,138 - ChatsDB - INFO - loaded chats db
2018-06-24 00:24:28,138 - Databases - DEBUG - loading db...
2018-06-24 00:24:28,140 - Databases - INFO - Loaded 5 data
2018-06-24 00:24:28,140 - Databases - DEBUG - last uid:13
2018-06-24 00:24:28,140 - UsersDB - INFO - loaded users database
2018-06-24 00:24:28,141 - Databases - DEBUG - loading db...
2018-06-24 00:24:28,142 - Databases - INFO - Loaded 4 data
2018-06-24 00:24:28,142 - Databases - DEBUG - last uid:4
2018-06-24 00:24:28,142 - CategoriesDB - INFO - loaded db
2018-06-24 00:24:28,142 - __main__ - INFO - Loaded databases
2018-06-24 00:24:28,143 - __main__ - INFO - Message loop started
2018-06-24 00:24:31,506 - __main__ - DEBUG - private message received
2018-06-24 00:24:32,590 - __main__ - DEBUG - handle normal requests
2018-06-24 00:24:32,591 - __main__ - DEBUG - Message: /upload
2018-06-24 00:24:48,015 - __main__ - INFO - 
---Happy rate bot---
2018-06-24 00:24:48,016 - __main__ - INFO - Bot data read, bot ready
2018-06-24 00:24:48,016 - Databases - DEBUG - loading db...
2018-06-24 00:24:48,018 - Databases - INFO - Loaded 5 data
2018-06-24 00:24:48,018 - Databases - DEBUG - last uid:4
2018-06-24 00:24:48,018 - PersonDB - INFO - loaded persons db
2018-06-24 00:24:48,018 - Databases - DEBUG - loading db...
2018-06-24 00:24:48,020 - Databases - INFO - Loaded 5 data
2018-06-24 00:24:48,020 - Databases - DEBUG - last uid:5
2018-06-24 00:24:48,020 - ChatsDB - INFO - loaded chats db
2018-06-24 00:24:48,020 - Databases - DEBUG - loading db...
2018-06-24 00:24:48,022 - Databases - INFO - Loaded 5 data
2018-06-24 00:24:48,022 - Databases - DEBUG - last uid:13
2018-06-24 00:24:48,022 - UsersDB - INFO - loaded users database
2018-06-24 00:24:48,022 - Databases - DEBUG - loading db...
2018-06-24 00:24:48,024 - Databases - INFO - Loaded 4 data
2018-06-24 00:24:48,024 - Databases - DEBUG - last uid:4
2018-06-24 00:24:48,025 - CategoriesDB - INFO - loaded db
2018-06-24 00:24:48,025 - __main__ - INFO - Loaded databases
2018-06-24 00:24:48,027 - __main__ - INFO - Message loop started
2018-06-24 00:24:52,902 - __main__ - DEBUG - private message received
2018-06-24 00:24:53,975 - __main__ - DEBUG - handle normal requests
2018-06-24 00:24:53,976 - __main__ - DEBUG - Message: /upload
2018-06-24 00:24:54,589 - ChatsDB - INFO - updating database...
2018-06-24 00:24:54,589 - UsersDB - INFO - updating database...
2018-06-24 00:24:54,590 - CategoriesDB - INFO - updating database...
2018-06-24 00:24:54,590 - PersonDB - INFO - updating database...
2018-06-24 00:24:58,857 - __main__ - DEBUG - private message received
2018-06-24 00:24:59,945 - __main__ - DEBUG - handle normal requests
2018-06-24 00:24:59,946 - __main__ - DEBUG - Message: hello
2018-06-24 00:25:27,066 - __main__ - INFO - 
---Happy rate bot---
2018-06-24 00:25:27,067 - __main__ - INFO - Bot data read, bot ready
2018-06-24 00:25:27,067 - Databases - DEBUG - loading db...
2018-06-24 00:25:27,069 - Databases - INFO - Loaded 5 data
2018-06-24 00:25:27,069 - Databases - DEBUG - last uid:4
2018-06-24 00:25:27,069 - PersonDB - INFO - loaded persons db
2018-06-24 00:25:27,069 - Databases - DEBUG - loading db...
2018-06-24 00:25:27,071 - Databases - INFO - Loaded 5 data
2018-06-24 00:25:27,071 - Databases - DEBUG - last uid:5
2018-06-24 00:25:27,072 - ChatsDB - INFO - loaded chats db
2018-06-24 00:25:27,072 - Databases - DEBUG - loading db...
2018-06-24 00:25:27,073 - Databases - INFO - Loaded 5 data
2018-06-24 00:25:27,074 - Databases - DEBUG - last uid:13
2018-06-24 00:25:27,074 - UsersDB - INFO - loaded users database
2018-06-24 00:25:27,074 - Databases - DEBUG - loading db...
2018-06-24 00:25:27,076 - Databases - INFO - Loaded 4 data
2018-06-24 00:25:27,076 - Databases - DEBUG - last uid:4
2018-06-24 00:25:27,076 - CategoriesDB - INFO - loaded db
2018-06-24 00:25:27,076 - __main__ - INFO - Loaded databases
2018-06-24 00:25:27,077 - __main__ - INFO - Message loop started
2018-06-24 00:25:29,957 - __main__ - DEBUG - private message received
2018-06-24 00:25:31,118 - __main__ - DEBUG - handle normal requests
2018-06-24 00:25:31,118 - __main__ - DEBUG - Message: /upload
2018-06-24 00:25:31,632 - ChatsDB - INFO - updating database...
2018-06-24 00:25:31,632 - UsersDB - INFO - updating database...
2018-06-24 00:25:31,632 - CategoriesDB - INFO - updating database...
2018-06-24 00:25:31,632 - PersonDB - INFO - updating database...
2018-06-24 00:27:21,401 - __main__ - DEBUG - private message received
2018-06-24 00:27:22,556 - __main__ - DEBUG - handle normal requests
2018-06-24 00:27:22,557 - __main__ - DEBUG - Message: text
2018-06-24 00:28:42,251 - __main__ - INFO - 
---Happy rate bot---
2018-06-24 00:28:42,252 - __main__ - INFO - Bot data read, bot ready
2018-06-24 00:28:42,252 - Databases - DEBUG - loading db...
2018-06-24 00:28:42,254 - Databases - INFO - Loaded 5 data
2018-06-24 00:28:42,255 - Databases - DEBUG - last uid:4
2018-06-24 00:28:42,255 - PersonDB - INFO - loaded persons db
2018-06-24 00:28:42,255 - Databases - DEBUG - loading db...
2018-06-24 00:28:42,258 - Databases - INFO - Loaded 5 data
2018-06-24 00:28:42,259 - Databases - DEBUG - last uid:5
2018-06-24 00:28:42,259 - ChatsDB - INFO - loaded chats db
2018-06-24 00:28:42,260 - Databases - DEBUG - loading db...
2018-06-24 00:28:42,261 - Databases - INFO - Loaded 5 data
2018-06-24 00:28:42,262 - Databases - DEBUG - last uid:13
2018-06-24 00:28:42,262 - UsersDB - INFO - loaded users database
2018-06-24 00:28:42,262 - Databases - DEBUG - loading db...
2018-06-24 00:28:42,263 - Databases - INFO - Loaded 4 data
2018-06-24 00:28:42,263 - Databases - DEBUG - last uid:4
2018-06-24 00:28:42,264 - CategoriesDB - INFO - loaded db
2018-06-24 00:28:42,264 - __main__ - INFO - Loaded databases
2018-06-24 00:28:42,265 - __main__ - INFO - Message loop started
2018-06-24 00:28:51,298 - __main__ - DEBUG - private message received
2018-06-24 00:28:52,435 - __main__ - DEBUG - handle normal requests
2018-06-24 00:28:52,435 - __main__ - DEBUG - Message: /upload
2018-06-24 00:28:53,067 - ChatsDB - INFO - updating database...
2018-06-24 00:28:53,068 - UsersDB - INFO - updating database...
2018-06-24 00:28:53,068 - CategoriesDB - INFO - updating database...
2018-06-24 00:28:53,068 - PersonDB - INFO - updating database...
2018-06-24 00:28:57,870 - __main__ - DEBUG - private message received
2018-06-24 00:28:58,978 - __main__ - DEBUG - handle normal requests
2018-06-24 00:28:58,978 - __main__ - DEBUG - Message: text
2018-06-24 00:28:59,271 - ChatsDB - INFO - updating database...
2018-06-24 00:28:59,271 - UsersDB - INFO - updating database...
2018-06-24 00:28:59,271 - CategoriesDB - INFO - updating database...
2018-06-24 00:28:59,272 - PersonDB - INFO - updating database...
2018-06-24 00:31:17,699 - __main__ - DEBUG - private message received
2018-06-24 00:31:18,913 - __main__ - DEBUG - handle normal requests
2018-06-24 00:31:18,913 - __main__ - DEBUG - Message: /upload
2018-06-24 00:31:19,029 - ChatsDB - INFO - updating database...
2018-06-24 00:31:19,030 - UsersDB - INFO - updating database...
2018-06-24 00:31:19,030 - CategoriesDB - INFO - updating database...
2018-06-24 00:31:19,030 - PersonDB - INFO - updating database...
2018-06-24 00:31:25,776 - __main__ - DEBUG - private message received
2018-06-24 00:31:26,914 - __main__ - DEBUG - handle normal requests
2018-06-24 00:31:26,915 - __main__ - DEBUG - Message: hello
2018-06-24 00:31:27,170 - ChatsDB - INFO - updating database...
2018-06-24 00:31:27,170 - UsersDB - INFO - updating database...
2018-06-24 00:31:27,170 - CategoriesDB - INFO - updating database...
2018-06-24 00:31:27,171 - PersonDB - INFO - updating database...
2018-06-24 00:31:33,398 - __main__ - INFO - 
---Happy rate bot---
2018-06-24 00:31:33,398 - __main__ - INFO - Bot data read, bot ready
2018-06-24 00:31:33,399 - Databases - DEBUG - loading db...
2018-06-24 00:31:33,402 - Databases - INFO - Loaded 5 data
2018-06-24 00:31:33,402 - Databases - DEBUG - last uid:4
2018-06-24 00:31:33,402 - PersonDB - INFO - loaded persons db
2018-06-24 00:31:33,403 - Databases - DEBUG - loading db...
2018-06-24 00:31:33,404 - Databases - INFO - Loaded 5 data
2018-06-24 00:31:33,405 - Databases - DEBUG - last uid:5
2018-06-24 00:31:33,405 - ChatsDB - INFO - loaded chats db
2018-06-24 00:31:33,405 - Databases - DEBUG - loading db...
2018-06-24 00:31:33,406 - Databases - INFO - Loaded 5 data
2018-06-24 00:31:33,407 - Databases - DEBUG - last uid:13
2018-06-24 00:31:33,407 - UsersDB - INFO - loaded users database
2018-06-24 00:31:33,407 - Databases - DEBUG - loading db...
2018-06-24 00:31:33,409 - Databases - INFO - Loaded 4 data
2018-06-24 00:31:33,409 - Databases - DEBUG - last uid:4
2018-06-24 00:31:33,409 - CategoriesDB - INFO - loaded db
2018-06-24 00:31:33,410 - __main__ - INFO - Loaded databases
2018-06-24 00:31:33,410 - __main__ - INFO - Message loop started
2018-06-24 00:31:37,484 - __main__ - DEBUG - private message received
2018-06-24 00:31:38,655 - __main__ - DEBUG - handle normal requests
2018-06-24 00:31:38,655 - __main__ - DEBUG - Message: /upload
2018-06-24 00:31:38,929 - ChatsDB - INFO - updating database...
2018-06-24 00:31:38,929 - UsersDB - INFO - updating database...
2018-06-24 00:31:38,930 - CategoriesDB - INFO - updating database...
2018-06-24 00:31:38,930 - PersonDB - INFO - updating database...
2018-06-24 00:31:41,145 - __main__ - DEBUG - private message received
2018-06-24 00:31:42,288 - __main__ - DEBUG - handle normal requests
2018-06-24 00:31:42,290 - __main__ - DEBUG - Message: hello
2018-06-24 00:31:42,777 - ChatsDB - INFO - updating database...
2018-06-24 00:31:42,777 - UsersDB - INFO - updating database...
2018-06-24 00:31:42,777 - CategoriesDB - INFO - updating database...
2018-06-24 00:31:42,778 - PersonDB - INFO - updating database...
2018-06-24 00:32:31,577 - __main__ - INFO - 
---Happy rate bot---
2018-06-24 00:32:31,577 - __main__ - INFO - Bot data read, bot ready
2018-06-24 00:32:31,578 - Databases - DEBUG - loading db...
2018-06-24 00:32:31,579 - Databases - INFO - Loaded 5 data
2018-06-24 00:32:31,579 - Databases - DEBUG - last uid:4
2018-06-24 00:32:31,579 - PersonDB - INFO - loaded persons db
2018-06-24 00:32:31,580 - Databases - DEBUG - loading db...
2018-06-24 00:32:31,581 - Databases - INFO - Loaded 5 data
2018-06-24 00:32:31,581 - Databases - DEBUG - last uid:5
2018-06-24 00:32:31,582 - ChatsDB - INFO - loaded chats db
2018-06-24 00:32:31,582 - Databases - DEBUG - loading db...
2018-06-24 00:32:31,583 - Databases - INFO - Loaded 5 data
2018-06-24 00:32:31,583 - Databases - DEBUG - last uid:13
2018-06-24 00:32:31,584 - UsersDB - INFO - loaded users database
2018-06-24 00:32:31,584 - Databases - DEBUG - loading db...
2018-06-24 00:32:31,585 - Databases - INFO - Loaded 4 data
2018-06-24 00:32:31,586 - Databases - DEBUG - last uid:4
2018-06-24 00:32:31,586 - CategoriesDB - INFO - loaded db
2018-06-24 00:32:31,586 - __main__ - INFO - Loaded databases
2018-06-24 00:32:31,587 - __main__ - INFO - Message loop started
2018-06-24 00:32:36,805 - __main__ - DEBUG - private message received
2018-06-24 00:32:38,009 - __main__ - DEBUG - handle normal requests
2018-06-24 00:32:38,009 - __main__ - DEBUG - Message: /upload
2018-06-24 00:32:38,300 - ChatsDB - INFO - updating database...
2018-06-24 00:32:38,301 - UsersDB - INFO - updating database...
2018-06-24 00:32:38,301 - CategoriesDB - INFO - updating database...
2018-06-24 00:32:38,302 - PersonDB - INFO - updating database...
2018-06-24 00:32:44,936 - __main__ - DEBUG - private message received
2018-06-24 00:32:46,080 - __main__ - DEBUG - handle normal requests
2018-06-24 00:32:46,082 - __main__ - DEBUG - Message: text
2018-06-24 00:32:46,321 - ChatsDB - INFO - updating database...
2018-06-24 00:32:46,322 - UsersDB - INFO - updating database...
2018-06-24 00:32:46,322 - CategoriesDB - INFO - updating database...
2018-06-24 00:32:46,322 - PersonDB - INFO - updating database...
2018-06-24 00:32:57,573 - __main__ - DEBUG - cp_shortcat_0_succ
2018-06-24 00:32:57,573 - __main__ - DEBUG - ['cp', 'shortcat', '0', 'succ']
2018-06-24 00:33:01,216 - __main__ - DEBUG - cp_cat_1_prev
2018-06-24 00:33:01,217 - __main__ - DEBUG - ['cp', 'cat', '1', 'prev']
2018-06-24 00:33:04,760 - __main__ - DEBUG - cp_cat_0_succ
2018-06-24 00:33:04,760 - __main__ - DEBUG - ['cp', 'cat', '0', 'succ']
2018-06-24 00:33:07,111 - __main__ - DEBUG - cp_cat_1_prev
2018-06-24 00:33:07,112 - __main__ - DEBUG - ['cp', 'cat', '1', 'prev']
2018-06-24 00:33:22,658 - __main__ - DEBUG - private message received
2018-06-24 00:33:23,754 - __main__ - DEBUG - handle normal requests
2018-06-24 00:33:23,754 - __main__ - DEBUG - Message: /upload
2018-06-24 00:33:24,174 - ChatsDB - INFO - updating database...
2018-06-24 00:33:24,174 - UsersDB - INFO - updating database...
2018-06-24 00:33:24,175 - CategoriesDB - INFO - updating database...
2018-06-24 00:33:24,175 - PersonDB - INFO - updating database...
2018-06-24 00:33:33,662 - __main__ - DEBUG - private message received
2018-06-24 00:33:34,848 - __main__ - DEBUG - handle normal requests
2018-06-24 00:33:34,848 - __main__ - DEBUG - Message: text
2018-06-24 00:33:35,578 - ChatsDB - INFO - updating database...
2018-06-24 00:33:35,578 - UsersDB - INFO - updating database...
2018-06-24 00:33:35,578 - CategoriesDB - INFO - updating database...
2018-06-24 00:33:35,579 - PersonDB - INFO - updating database...
2018-06-24 00:33:57,218 - __main__ - DEBUG - cp_shortcat_0_succ
2018-06-24 00:33:57,218 - __main__ - DEBUG - ['cp', 'shortcat', '0', 'succ']
2018-06-24 00:34:04,433 - __main__ - DEBUG - cp_cat_1_prev
2018-06-24 00:34:04,433 - __main__ - DEBUG - ['cp', 'cat', '1', 'prev']
2018-06-24 00:36:57,973 - __main__ - INFO - 
---Happy rate bot---
2018-06-24 00:36:57,974 - __main__ - INFO - Bot data read, bot ready
2018-06-24 00:36:57,974 - Databases - DEBUG - loading db...
2018-06-24 00:36:57,976 - Databases - INFO - Loaded 5 data
2018-06-24 00:36:57,976 - Databases - DEBUG - last uid:4
2018-06-24 00:36:57,977 - PersonDB - INFO - loaded persons db
2018-06-24 00:36:57,977 - Databases - DEBUG - loading db...
2018-06-24 00:36:57,979 - Databases - INFO - Loaded 5 data
2018-06-24 00:36:57,979 - Databases - DEBUG - last uid:5
2018-06-24 00:36:57,979 - ChatsDB - INFO - loaded chats db
2018-06-24 00:36:57,980 - Databases - DEBUG - loading db...
2018-06-24 00:36:57,982 - Databases - INFO - Loaded 5 data
2018-06-24 00:36:57,982 - Databases - DEBUG - last uid:13
2018-06-24 00:36:57,982 - UsersDB - INFO - loaded users database
2018-06-24 00:36:57,983 - Databases - DEBUG - loading db...
2018-06-24 00:36:57,984 - Databases - INFO - Loaded 4 data
2018-06-24 00:36:57,984 - Databases - DEBUG - last uid:4
2018-06-24 00:36:57,985 - CategoriesDB - INFO - loaded db
2018-06-24 00:36:57,985 - __main__ - INFO - Loaded databases
2018-06-24 00:36:57,986 - __main__ - INFO - Message loop started
2018-06-24 00:37:01,395 - __main__ - DEBUG - private message received
2018-06-24 00:37:02,633 - __main__ - DEBUG - handle normal requests
2018-06-24 00:37:02,633 - __main__ - DEBUG - Message: /upload
2018-06-24 00:37:04,120 - ChatsDB - INFO - updating database...
2018-06-24 00:37:04,120 - UsersDB - INFO - updating database...
2018-06-24 00:37:04,121 - CategoriesDB - INFO - updating database...
2018-06-24 00:37:04,121 - PersonDB - INFO - updating database...
2018-06-24 00:37:04,712 - __main__ - DEBUG - private message received
2018-06-24 00:37:05,900 - __main__ - DEBUG - handle normal requests
2018-06-24 00:37:05,900 - __main__ - DEBUG - Message: text
2018-06-24 00:37:06,210 - ChatsDB - INFO - updating database...
2018-06-24 00:37:06,210 - UsersDB - INFO - updating database...
2018-06-24 00:37:06,211 - CategoriesDB - INFO - updating database...
2018-06-24 00:37:06,211 - PersonDB - INFO - updating database...
2018-06-24 00:37:09,065 - __main__ - DEBUG - cp_shortcat_0_succ
2018-06-24 00:37:09,066 - __main__ - DEBUG - ['cp', 'shortcat', '0', 'succ']
2018-06-24 00:37:11,264 - __main__ - DEBUG - cp_shortcat_0_prev
2018-06-24 00:37:11,265 - __main__ - DEBUG - ['cp', 'shortcat', '0', 'prev']
