2018-06-19 00:13:28,588 - __main__ - INFO - 
---Happy rate bot---
2018-06-19 00:13:29,208 - __main__ - INFO - Bot data read, bot ready
2018-06-19 00:13:29,209 - Databases - DEBUG - loading db...
2018-06-19 00:13:29,210 - Databases - DEBUG - Loaded 1 data
2018-06-19 00:13:29,210 - PersonDB - INFO - loaded persons db
2018-06-19 00:13:29,211 - PersonDB - INFO - last uid:0
2018-06-19 00:13:29,211 - Databases - DEBUG - loading db...
2018-06-19 00:13:49,738 - __main__ - INFO - 
---Happy rate bot---
2018-06-19 00:13:50,863 - __main__ - INFO - Bot data read, bot ready
2018-06-19 00:13:50,864 - Databases - DEBUG - loading db...
2018-06-19 00:13:50,865 - Databases - DEBUG - Loaded 1 data
2018-06-19 00:13:50,865 - PersonDB - INFO - loaded persons db
2018-06-19 00:13:50,866 - PersonDB - INFO - last uid:0
2018-06-19 00:13:50,866 - Databases - DEBUG - loading db...
2018-06-19 00:13:50,866 - Databases - DEBUG - Loaded 0 data
2018-06-19 00:13:50,867 - ChatsDB - INFO - loaded chats db
2018-06-19 00:13:50,867 - __main__ - INFO - Loaded databases
2018-06-19 00:13:50,868 - __main__ - INFO - Message loop started
2018-06-19 00:13:59,105 - __main__ - DEBUG - private message received
2018-06-19 00:13:59,106 - ChatsDB - INFO - added new chat to database: 1
2018-06-19 00:14:29,832 - __main__ - INFO - 
---Happy rate bot---
2018-06-19 00:14:30,439 - __main__ - INFO - Bot data read, bot ready
2018-06-19 00:14:30,439 - Databases - DEBUG - loading db...
2018-06-19 00:14:30,441 - Databases - DEBUG - Loaded 1 data
2018-06-19 00:14:30,441 - PersonDB - INFO - loaded persons db
2018-06-19 00:14:30,441 - PersonDB - INFO - last uid:0
2018-06-19 00:14:30,442 - Databases - DEBUG - loading db...
2018-06-19 00:14:30,442 - Databases - DEBUG - Loaded 0 data
2018-06-19 00:14:30,442 - ChatsDB - INFO - loaded chats db
2018-06-19 00:14:30,443 - __main__ - INFO - Loaded databases
2018-06-19 00:14:30,444 - __main__ - INFO - Message loop started
2018-06-19 00:14:40,396 - __main__ - DEBUG - private message received
2018-06-19 00:14:40,396 - ChatsDB - INFO - added new chat to database: 1
2018-06-19 00:15:14,564 - __main__ - INFO - 
---Happy rate bot---
2018-06-19 00:15:18,811 - __main__ - INFO - Bot data read, bot ready
2018-06-19 00:15:18,812 - Databases - DEBUG - loading db...
2018-06-19 00:15:18,813 - Databases - DEBUG - Loaded 1 data
2018-06-19 00:15:18,813 - PersonDB - INFO - loaded persons db
2018-06-19 00:15:18,813 - PersonDB - INFO - last uid:0
2018-06-19 00:15:18,814 - Databases - DEBUG - loading db...
2018-06-19 00:15:18,814 - Databases - DEBUG - Loaded 0 data
2018-06-19 00:15:18,815 - ChatsDB - INFO - loaded chats db
2018-06-19 00:15:18,815 - __main__ - INFO - Loaded databases
2018-06-19 00:15:18,816 - __main__ - INFO - Message loop started
2018-06-19 00:15:19,452 - __main__ - DEBUG - private message received
2018-06-19 00:15:19,453 - ChatsDB - INFO - added new chat to database: 1
2018-06-19 00:16:40,825 - __main__ - INFO - 
---Happy rate bot---
2018-06-19 00:16:48,947 - __main__ - INFO - Bot data read, bot ready
2018-06-19 00:16:48,947 - Databases - DEBUG - loading db...
2018-06-19 00:16:48,948 - Databases - DEBUG - Loaded 1 data
2018-06-19 00:16:48,948 - PersonDB - INFO - loaded persons db
2018-06-19 00:16:48,949 - PersonDB - INFO - last uid:0
2018-06-19 00:16:48,949 - Databases - DEBUG - loading db...
2018-06-19 00:16:48,949 - Databases - DEBUG - Loaded 0 data
2018-06-19 00:16:48,950 - ChatsDB - INFO - loaded chats db
2018-06-19 00:16:48,950 - __main__ - INFO - Loaded databases
2018-06-19 00:16:48,951 - __main__ - INFO - Message loop started
2018-06-19 00:19:12,719 - __main__ - DEBUG - private message received
2018-06-19 00:19:12,720 - ChatsDB - INFO - added new chat to database: 1
2018-06-19 00:19:17,117 - __main__ - INFO - 
---Happy rate bot---
2018-06-19 00:19:17,117 - __main__ - INFO - Bot data read, bot ready
2018-06-19 00:19:17,118 - Databases - DEBUG - loading db...
2018-06-19 00:19:17,118 - Databases - DEBUG - Loaded 1 data
2018-06-19 00:19:17,118 - PersonDB - INFO - loaded persons db
2018-06-19 00:19:17,118 - PersonDB - INFO - last uid:0
2018-06-19 00:19:17,119 - Databases - DEBUG - loading db...
2018-06-19 00:19:17,119 - Databases - DEBUG - Loaded 0 data
2018-06-19 00:19:17,119 - ChatsDB - INFO - loaded chats db
2018-06-19 00:19:17,119 - __main__ - INFO - Loaded databases
2018-06-19 00:19:17,120 - __main__ - INFO - Message loop started
2018-06-19 00:19:23,191 - __main__ - DEBUG - private message received
2018-06-19 00:19:23,192 - ChatsDB - INFO - added new chat to database: 1
2018-06-19 12:48:35,046 - __main__ - INFO - 
---Happy rate bot---
2018-06-19 12:48:35,048 - __main__ - INFO - Bot data read, bot ready
2018-06-19 12:48:35,048 - Databases - DEBUG - loading db...
2018-06-19 12:48:35,049 - Databases - DEBUG - Loaded 1 data
2018-06-19 12:48:35,049 - PersonDB - INFO - loaded persons db
2018-06-19 12:48:35,049 - PersonDB - INFO - last uid:0
2018-06-19 12:48:35,050 - Databases - DEBUG - loading db...
2018-06-19 12:48:35,050 - Databases - DEBUG - Loaded 0 data
2018-06-19 12:48:35,050 - ChatsDB - INFO - loaded chats db
2018-06-19 12:48:35,051 - __main__ - INFO - Loaded databases
2018-06-19 12:48:35,051 - __main__ - INFO - Message loop started
2018-06-19 12:49:00,525 - __main__ - DEBUG - private message received
2018-06-19 12:49:00,526 - ChatsDB - INFO - added new chat to database: 1
2018-06-19 12:49:00,526 - language_support.LanguageSupport - DEBUG - translating string...
2018-06-19 12:49:00,526 - language_support.LanguageSupport - DEBUG - updating lang tags...
2018-06-19 12:51:20,719 - __main__ - INFO - 
---Happy rate bot---
2018-06-19 12:51:20,720 - __main__ - INFO - Bot data read, bot ready
2018-06-19 12:51:20,720 - Databases - DEBUG - loading db...
2018-06-19 12:51:20,721 - Databases - DEBUG - Loaded 1 data
2018-06-19 12:51:20,721 - PersonDB - INFO - loaded persons db
2018-06-19 12:51:20,722 - PersonDB - INFO - last uid:0
2018-06-19 12:51:20,722 - Databases - DEBUG - loading db...
2018-06-19 12:51:20,722 - Databases - DEBUG - Loaded 0 data
2018-06-19 12:51:20,722 - ChatsDB - INFO - loaded chats db
2018-06-19 12:51:20,723 - __main__ - INFO - Loaded databases
2018-06-19 12:51:20,723 - __main__ - INFO - Message loop started
2018-06-19 12:51:47,336 - __main__ - DEBUG - private message received
2018-06-19 12:51:47,337 - ChatsDB - INFO - added new chat to database: 1
2018-06-19 12:51:47,338 - language_support.LanguageSupport - DEBUG - translating string...
2018-06-19 12:51:47,338 - language_support.LanguageSupport - DEBUG - add new string...
2018-06-19 12:53:28,921 - __main__ - INFO - 
---Happy rate bot---
2018-06-19 12:53:28,922 - __main__ - INFO - Bot data read, bot ready
2018-06-19 12:53:28,922 - Databases - DEBUG - loading db...
2018-06-19 12:53:28,922 - Databases - DEBUG - Loaded 1 data
2018-06-19 12:53:28,923 - PersonDB - INFO - loaded persons db
2018-06-19 12:53:28,923 - PersonDB - INFO - last uid:0
2018-06-19 12:53:28,923 - Databases - DEBUG - loading db...
2018-06-19 12:53:28,923 - Databases - DEBUG - Loaded 0 data
2018-06-19 12:53:28,924 - ChatsDB - INFO - loaded chats db
2018-06-19 12:53:28,924 - __main__ - INFO - Loaded databases
2018-06-19 12:53:28,924 - __main__ - INFO - Message loop started
2018-06-19 12:53:38,113 - __main__ - DEBUG - private message received
2018-06-19 12:53:38,114 - ChatsDB - INFO - added new chat to database: 1
2018-06-19 12:53:38,114 - language_support.LanguageSupport - DEBUG - translating string...
2018-06-19 12:53:38,114 - language_support.LanguageSupport - DEBUG - add new string...
2018-06-19 13:16:52,420 - __main__ - INFO - 
---Happy rate bot---
2018-06-19 13:16:52,421 - __main__ - INFO - Bot data read, bot ready
2018-06-19 13:16:52,421 - Databases - DEBUG - loading db...
2018-06-19 13:16:52,422 - Databases - DEBUG - Loaded 1 data
2018-06-19 13:16:52,422 - PersonDB - INFO - loaded persons db
2018-06-19 13:16:52,422 - PersonDB - INFO - last uid:0
2018-06-19 13:16:52,422 - Databases - DEBUG - loading db...
2018-06-19 13:16:52,422 - Databases - DEBUG - Loaded 0 data
2018-06-19 13:16:52,423 - ChatsDB - INFO - loaded chats db
2018-06-19 13:16:52,423 - __main__ - INFO - Loaded databases
2018-06-19 13:16:52,423 - __main__ - INFO - Message loop started
2018-06-19 13:17:00,744 - __main__ - DEBUG - private message received
2018-06-19 13:17:00,745 - ChatsDB - INFO - added new chat to database: 1
2018-06-19 13:17:00,745 - language_support.LanguageSupport - DEBUG - translating string...
2018-06-19 13:17:00,745 - language_support.LanguageSupport - DEBUG - updating lang tags...
2018-06-19 13:19:45,571 - language_support.LanguageSupport - DEBUG - translating string...
2018-06-19 13:19:45,571 - language_support.LanguageSupport - DEBUG - updating lang tags...
2018-06-19 13:20:14,258 - language_support.LanguageSupport - DEBUG - translating string...
2018-06-19 13:20:14,259 - language_support.LanguageSupport - DEBUG - add new string...
2018-06-19 13:22:01,035 - language_support.LanguageSupport - DEBUG - translating string...
2018-06-19 13:22:01,035 - language_support.LanguageSupport - DEBUG - add new string...
2018-06-19 13:22:34,984 - language_support.LanguageSupport - DEBUG - translating string...
2018-06-19 13:22:34,984 - language_support.LanguageSupport - DEBUG - add new string...
2018-06-19 13:22:57,256 - language_support.LanguageSupport - DEBUG - translating string...
2018-06-19 13:22:57,256 - language_support.LanguageSupport - DEBUG - updating lang tags...
2018-06-19 13:22:57,291 - language_support.LanguageSupport - DEBUG - add new string...
2018-06-19 13:23:18,446 - language_support.LanguageSupport - DEBUG - translating string...
2018-06-19 13:23:18,447 - language_support.LanguageSupport - DEBUG - add new string...
2018-06-19 13:25:09,020 - language_support.LanguageSupport - DEBUG - Reading language files...
2018-06-19 13:25:09,020 - language_support.LanguageSupport - DEBUG - reading blocks..
2018-06-19 13:25:09,022 - language_support.LanguageSupport - DEBUG - translating string...
2018-06-19 13:25:09,022 - language_support.LanguageSupport - DEBUG - add new string...
2018-06-19 13:26:01,007 - language_support.LanguageSupport - DEBUG - Reading language files...
2018-06-19 13:26:01,007 - language_support.LanguageSupport - DEBUG - reading blocks..
2018-06-19 13:26:01,008 - language_support.LanguageSupport - DEBUG - translating string...
2018-06-19 13:26:01,008 - language_support.LanguageSupport - DEBUG - add new string...
2018-06-19 13:26:01,009 - language_support.LanguageSupport - DEBUG - translating string...
2018-06-19 13:26:01,010 - language_support.LanguageSupport - DEBUG - add new string...
2018-06-19 13:26:04,425 - language_support.LanguageSupport - DEBUG - Reading language files...
2018-06-19 13:26:04,425 - language_support.LanguageSupport - DEBUG - reading blocks..
2018-06-19 13:26:04,427 - language_support.LanguageSupport - DEBUG - translating string...
2018-06-19 13:26:04,427 - language_support.LanguageSupport - DEBUG - add new string...
2018-06-19 13:26:04,428 - language_support.LanguageSupport - DEBUG - translating string...
2018-06-19 13:26:04,429 - language_support.LanguageSupport - DEBUG - add new string...
2018-06-19 13:27:55,164 - language_support.LanguageSupport - DEBUG - Reading language files...
2018-06-19 13:27:55,164 - language_support.LanguageSupport - DEBUG - reading blocks..
2018-06-19 13:27:55,166 - language_support.LanguageSupport - DEBUG - translating string...
2018-06-19 13:27:55,167 - language_support.LanguageSupport - DEBUG - add new string...
2018-06-19 13:27:55,169 - language_support.LanguageSupport - DEBUG - translating string...
2018-06-19 13:27:55,170 - language_support.LanguageSupport - DEBUG - add new string...
2018-06-19 13:54:40,671 - language_support.LanguageSupport - DEBUG - Reading language files...
2018-06-19 13:54:40,672 - language_support.LanguageSupport - DEBUG - reading blocks..
2018-06-19 13:54:40,674 - language_support.LanguageSupport - DEBUG - translating string...
2018-06-19 13:54:40,674 - language_support.LanguageSupport - DEBUG - add new string...
2018-06-19 13:54:40,677 - language_support.LanguageSupport - DEBUG - translating string...
2018-06-19 13:54:40,678 - language_support.LanguageSupport - DEBUG - add new string...
2018-06-19 13:55:57,133 - language_support.LanguageSupport - DEBUG - initializing tags...
2018-06-19 13:55:57,134 - language_support.LanguageSupport - DEBUG - initializing filenames...
2018-06-19 13:55:57,134 - language_support.LanguageSupport - DEBUG - initializing reference file...
2018-06-19 13:57:57,563 - language_support.LanguageSupport - DEBUG - initializing tags...
2018-06-19 13:57:57,564 - language_support.LanguageSupport - DEBUG - initializing filenames...
2018-06-19 13:57:57,564 - language_support.LanguageSupport - DEBUG - initializing reference file...
2018-06-19 13:57:57,565 - language_support.LanguageSupport - DEBUG - Reading language files...
2018-06-19 13:57:57,566 - language_support.LanguageSupport - DEBUG - translating string...
2018-06-19 13:57:57,566 - language_support.LanguageSupport - DEBUG - updating lang tags...
2018-06-19 13:57:57,569 - language_support.LanguageSupport - DEBUG - add new string...
2018-06-19 13:57:57,570 - language_support.LanguageSupport - DEBUG - translating string...
2018-06-19 13:57:57,570 - language_support.LanguageSupport - DEBUG - updating lang tags...
2018-06-19 13:59:33,773 - language_support.LanguageSupport - DEBUG - initializing tags...
2018-06-19 13:59:33,774 - language_support.LanguageSupport - DEBUG - initializing filenames...
2018-06-19 13:59:33,774 - language_support.LanguageSupport - DEBUG - initializing reference file...
2018-06-19 13:59:33,775 - language_support.LanguageSupport - DEBUG - Reading language files...
2018-06-19 13:59:33,775 - language_support.LanguageSupport - DEBUG - translating string...
2018-06-19 13:59:33,776 - language_support.LanguageSupport - DEBUG - updating lang tags...
2018-06-19 13:59:33,778 - language_support.LanguageSupport - DEBUG - add new string...
2018-06-19 13:59:33,779 - language_support.LanguageSupport - DEBUG - translating string...
2018-06-19 13:59:33,779 - language_support.LanguageSupport - DEBUG - updating lang tags...
2018-06-19 14:00:43,582 - language_support.LanguageSupport - DEBUG - initializing tags...
2018-06-19 14:00:43,583 - language_support.LanguageSupport - DEBUG - initializing filenames...
2018-06-19 14:00:43,583 - language_support.LanguageSupport - DEBUG - initializing reference file...
2018-06-19 14:00:43,584 - language_support.LanguageSupport - DEBUG - Reading language files...
2018-06-19 14:00:43,584 - language_support.LanguageSupport - DEBUG - translating string...
2018-06-19 14:00:43,584 - language_support.LanguageSupport - DEBUG - updating lang tags...
2018-06-19 14:00:43,587 - language_support.LanguageSupport - DEBUG - add new string...
2018-06-19 14:00:43,588 - language_support.LanguageSupport - DEBUG - translating string...
2018-06-19 14:00:43,588 - language_support.LanguageSupport - DEBUG - updating lang tags...
2018-06-19 14:01:30,771 - language_support.LanguageSupport - DEBUG - initializing tags...
2018-06-19 14:01:30,772 - language_support.LanguageSupport - DEBUG - initializing filenames...
2018-06-19 14:01:30,772 - language_support.LanguageSupport - DEBUG - initializing reference file...
2018-06-19 14:01:30,772 - language_support.LanguageSupport - DEBUG - Reading language files...
2018-06-19 14:01:30,773 - language_support.LanguageSupport - DEBUG - reading blocks..
2018-06-19 14:01:30,773 - language_support.LanguageSupport - DEBUG - reading blocks..
2018-06-19 14:01:30,774 - language_support.LanguageSupport - DEBUG - translating string...
2018-06-19 14:01:30,774 - language_support.LanguageSupport - DEBUG - add new string...
2018-06-19 14:01:30,777 - language_support.LanguageSupport - DEBUG - translating string...
2018-06-19 14:01:30,777 - language_support.LanguageSupport - DEBUG - add new string...
2018-06-19 14:01:48,821 - language_support.LanguageSupport - DEBUG - initializing tags...
2018-06-19 14:01:48,821 - language_support.LanguageSupport - DEBUG - initializing filenames...
2018-06-19 14:01:48,822 - language_support.LanguageSupport - DEBUG - initializing reference file...
2018-06-19 14:01:48,822 - language_support.LanguageSupport - DEBUG - Reading language files...
2018-06-19 14:01:48,823 - language_support.LanguageSupport - DEBUG - translating string...
2018-06-19 14:01:48,823 - language_support.LanguageSupport - DEBUG - updating lang tags...
2018-06-19 14:01:48,827 - language_support.LanguageSupport - DEBUG - add new string...
2018-06-19 14:01:48,828 - language_support.LanguageSupport - DEBUG - translating string...
2018-06-19 14:01:48,829 - language_support.LanguageSupport - DEBUG - add new string...
2018-06-19 14:02:52,479 - language_support.LanguageSupport - DEBUG - initializing tags...
2018-06-19 14:02:52,480 - language_support.LanguageSupport - DEBUG - initializing filenames...
2018-06-19 14:02:52,480 - language_support.LanguageSupport - DEBUG - initializing reference file...
2018-06-19 14:02:52,481 - language_support.LanguageSupport - DEBUG - Reading language files...
2018-06-19 14:02:52,481 - language_support.LanguageSupport - DEBUG - reading blocks..
2018-06-19 14:02:52,482 - language_support.LanguageSupport - DEBUG - translating string...
2018-06-19 14:02:52,482 - language_support.LanguageSupport - DEBUG - add new string...
2018-06-19 14:02:52,486 - language_support.LanguageSupport - DEBUG - translating string...
2018-06-19 14:02:52,487 - language_support.LanguageSupport - DEBUG - add new string...
2018-06-19 14:06:28,285 - language_support.LanguageSupport - DEBUG - initializing tags...
2018-06-19 14:06:28,286 - language_support.LanguageSupport - DEBUG - initializing filenames...
2018-06-19 14:06:28,286 - language_support.LanguageSupport - DEBUG - initializing reference file...
2018-06-19 14:06:44,765 - language_support.LanguageSupport - DEBUG - initializing tags...
2018-06-19 14:06:44,766 - language_support.LanguageSupport - DEBUG - initializing filenames...
2018-06-19 14:06:44,766 - language_support.LanguageSupport - DEBUG - initializing reference file...
2018-06-19 14:07:01,098 - language_support.LanguageSupport - DEBUG - initializing tags...
2018-06-19 14:07:01,099 - language_support.LanguageSupport - DEBUG - initializing filenames...
2018-06-19 14:07:01,099 - language_support.LanguageSupport - DEBUG - initializing reference file...
2018-06-19 14:07:14,445 - language_support.LanguageSupport - DEBUG - initializing tags...
2018-06-19 14:07:14,446 - language_support.LanguageSupport - DEBUG - initializing filenames...
2018-06-19 14:07:14,446 - language_support.LanguageSupport - DEBUG - initializing reference file...
2018-06-19 14:07:14,448 - language_support.LanguageSupport - DEBUG - Reading language files...
2018-06-19 14:07:14,448 - language_support.LanguageSupport - DEBUG - reading blocks..
2018-06-19 14:07:14,450 - language_support.LanguageSupport - DEBUG - translating string...
2018-06-19 14:07:14,450 - language_support.LanguageSupport - DEBUG - add new string...
2018-06-19 14:07:14,456 - language_support.LanguageSupport - DEBUG - translating string...
2018-06-19 14:07:14,456 - language_support.LanguageSupport - DEBUG - add new string...
2018-06-19 14:07:59,911 - language_support.LanguageSupport - DEBUG - initializing tags...
2018-06-19 14:07:59,912 - language_support.LanguageSupport - DEBUG - initializing filenames...
2018-06-19 14:07:59,913 - language_support.LanguageSupport - DEBUG - initializing reference file...
2018-06-19 14:07:59,914 - language_support.LanguageSupport - DEBUG - Reading language files...
2018-06-19 14:07:59,914 - language_support.LanguageSupport - DEBUG - reading blocks..
2018-06-19 14:07:59,916 - language_support.LanguageSupport - DEBUG - translating string...
2018-06-19 14:07:59,917 - language_support.LanguageSupport - DEBUG - translating string...
2018-06-19 14:08:38,863 - language_support.LanguageSupport - DEBUG - initializing tags...
2018-06-19 14:08:38,864 - language_support.LanguageSupport - DEBUG - initializing filenames...
2018-06-19 14:08:38,864 - language_support.LanguageSupport - DEBUG - initializing reference file...
2018-06-19 14:08:38,865 - language_support.LanguageSupport - DEBUG - Reading language files...
2018-06-19 14:08:38,866 - language_support.LanguageSupport - DEBUG - reading blocks..
2018-06-19 14:08:38,869 - language_support.LanguageSupport - DEBUG - translating string...
2018-06-19 14:08:38,869 - language_support.LanguageSupport - DEBUG - translating string...
2018-06-19 14:09:29,336 - language_support.LanguageSupport - DEBUG - initializing tags...
2018-06-19 14:09:29,338 - language_support.LanguageSupport - DEBUG - initializing filenames...
2018-06-19 14:09:29,338 - language_support.LanguageSupport - DEBUG - initializing reference file...
2018-06-19 14:09:29,339 - language_support.LanguageSupport - DEBUG - Reading language files...
2018-06-19 14:09:29,340 - language_support.LanguageSupport - DEBUG - translating string...
2018-06-19 14:09:29,340 - language_support.LanguageSupport - DEBUG - updating lang tags...
2018-06-19 14:09:29,342 - language_support.LanguageSupport - DEBUG - add new string...
2018-06-19 14:09:29,343 - language_support.LanguageSupport - DEBUG - translating string...
2018-06-19 14:09:29,344 - language_support.LanguageSupport - DEBUG - add new string...
2018-06-19 14:09:31,339 - language_support.LanguageSupport - DEBUG - initializing tags...
2018-06-19 14:09:31,339 - language_support.LanguageSupport - DEBUG - initializing filenames...
2018-06-19 14:09:31,340 - language_support.LanguageSupport - DEBUG - initializing reference file...
2018-06-19 14:09:31,340 - language_support.LanguageSupport - DEBUG - Reading language files...
2018-06-19 14:09:31,340 - language_support.LanguageSupport - DEBUG - reading blocks..
2018-06-19 14:09:31,341 - language_support.LanguageSupport - DEBUG - translating string...
2018-06-19 14:09:31,342 - language_support.LanguageSupport - DEBUG - translating string...
2018-06-19 14:11:06,536 - language_support.LanguageSupport - DEBUG - initializing tags...
2018-06-19 14:11:06,536 - language_support.LanguageSupport - DEBUG - tags: 1
2018-06-19 14:11:06,537 - language_support.LanguageSupport - DEBUG - initializing filenames...
2018-06-19 14:11:06,537 - language_support.LanguageSupport - DEBUG - Files: 1
2018-06-19 14:11:06,537 - language_support.LanguageSupport - DEBUG - initializing reference file...
2018-06-19 14:11:06,537 - language_support.LanguageSupport - DEBUG - strings: 2
2018-06-19 14:11:06,538 - language_support.LanguageSupport - DEBUG - Reading language files...
2018-06-19 14:11:06,538 - language_support.LanguageSupport - DEBUG - reading blocks..
2018-06-19 14:11:06,539 - language_support.LanguageSupport - DEBUG - translating string...
2018-06-19 14:11:06,539 - language_support.LanguageSupport - DEBUG - translating string...
2018-06-19 14:11:11,924 - language_support.LanguageSupport - DEBUG - initializing tags...
2018-06-19 14:11:11,924 - language_support.LanguageSupport - DEBUG - tags: 1
2018-06-19 14:11:11,925 - language_support.LanguageSupport - DEBUG - initializing filenames...
2018-06-19 14:11:11,925 - language_support.LanguageSupport - DEBUG - Files: 1
2018-06-19 14:11:11,925 - language_support.LanguageSupport - DEBUG - initializing reference file...
2018-06-19 14:11:11,926 - language_support.LanguageSupport - DEBUG - strings: 2
2018-06-19 14:11:11,926 - language_support.LanguageSupport - DEBUG - Reading language files...
2018-06-19 14:11:11,927 - language_support.LanguageSupport - DEBUG - reading blocks..
2018-06-19 14:11:11,928 - language_support.LanguageSupport - DEBUG - translating string...
2018-06-19 14:11:11,928 - language_support.LanguageSupport - DEBUG - translating string...
2018-06-19 14:21:25,791 - language_support.LanguageSupport - DEBUG - initializing tags...
2018-06-19 14:21:25,792 - language_support.LanguageSupport - DEBUG - tags: 1
2018-06-19 14:21:25,792 - language_support.LanguageSupport - DEBUG - initializing filenames...
2018-06-19 14:21:25,792 - language_support.LanguageSupport - DEBUG - Files: 1
2018-06-19 14:21:25,792 - language_support.LanguageSupport - DEBUG - initializing reference file...
2018-06-19 14:21:25,793 - language_support.LanguageSupport - DEBUG - strings: 2
2018-06-19 14:21:25,793 - language_support.LanguageSupport - DEBUG - Reading language files...
2018-06-19 14:21:25,793 - language_support.LanguageSupport - DEBUG - reading blocks..
2018-06-19 14:21:25,795 - language_support.LanguageSupport - DEBUG - translating string...
2018-06-19 14:21:25,795 - language_support.LanguageSupport - DEBUG - translating string...
2018-06-19 14:22:07,109 - language_support.LanguageSupport - DEBUG - initializing tags...
2018-06-19 14:22:07,110 - language_support.LanguageSupport - DEBUG - tags: 1
2018-06-19 14:22:07,110 - language_support.LanguageSupport - DEBUG - initializing filenames...
2018-06-19 14:22:07,111 - language_support.LanguageSupport - DEBUG - Files: 1
2018-06-19 14:22:07,111 - language_support.LanguageSupport - DEBUG - initializing reference file...
2018-06-19 14:22:07,111 - language_support.LanguageSupport - DEBUG - strings: 2
2018-06-19 14:22:07,112 - language_support.LanguageSupport - DEBUG - Reading language files...
2018-06-19 14:22:07,112 - language_support.LanguageSupport - DEBUG - reading blocks..
2018-06-19 14:22:07,113 - language_support.LanguageSupport - DEBUG - translating string...
2018-06-19 14:22:07,114 - language_support.LanguageSupport - DEBUG - translating string...
2018-06-19 14:22:30,418 - language_support.LanguageSupport - DEBUG - initializing tags...
2018-06-19 14:22:30,419 - language_support.LanguageSupport - DEBUG - tags: 0
2018-06-19 14:22:30,419 - language_support.LanguageSupport - DEBUG - initializing filenames...
2018-06-19 14:22:30,420 - language_support.LanguageSupport - DEBUG - Files: 0
2018-06-19 14:22:30,420 - language_support.LanguageSupport - DEBUG - initializing reference file...
2018-06-19 14:22:30,420 - language_support.LanguageSupport - DEBUG - strings: 0
2018-06-19 14:22:30,421 - language_support.LanguageSupport - DEBUG - Reading language files...
2018-06-19 14:22:30,421 - language_support.LanguageSupport - DEBUG - translating string...
2018-06-19 14:22:30,422 - language_support.LanguageSupport - DEBUG - updating lang tags...
2018-06-19 14:22:30,426 - language_support.LanguageSupport - DEBUG - add new string...
2018-06-19 14:22:30,426 - language_support.LanguageSupport - DEBUG - translating string...
2018-06-19 14:22:30,427 - language_support.LanguageSupport - DEBUG - add new string...
2018-06-19 14:26:37,005 - language_support.LanguageSupport - DEBUG - initializing tags...
2018-06-19 14:26:37,006 - language_support.LanguageSupport - DEBUG - tags: 1
2018-06-19 14:26:37,006 - language_support.LanguageSupport - DEBUG - initializing filenames...
2018-06-19 14:26:37,007 - language_support.LanguageSupport - DEBUG - Files: 1
2018-06-19 14:26:37,007 - language_support.LanguageSupport - DEBUG - initializing reference file...
2018-06-19 14:26:37,008 - language_support.LanguageSupport - DEBUG - strings: 2
2018-06-19 14:26:37,008 - language_support.LanguageSupport - DEBUG - Reading language files...
2018-06-19 14:26:37,008 - language_support.LanguageSupport - DEBUG - reading blocks..
2018-06-19 14:26:37,009 - language_support.LanguageSupport - DEBUG - translating string...
2018-06-19 14:26:37,009 - language_support.LanguageSupport - DEBUG - translating string...
2018-06-19 14:26:49,982 - language_support.LanguageSupport - DEBUG - initializing tags...
2018-06-19 14:26:49,983 - language_support.LanguageSupport - DEBUG - tags: 0
2018-06-19 14:26:49,983 - language_support.LanguageSupport - DEBUG - initializing filenames...
2018-06-19 14:26:49,983 - language_support.LanguageSupport - DEBUG - Files: 0
2018-06-19 14:26:49,984 - language_support.LanguageSupport - DEBUG - initializing reference file...
2018-06-19 14:26:49,984 - language_support.LanguageSupport - DEBUG - strings: 0
2018-06-19 14:26:49,985 - language_support.LanguageSupport - DEBUG - Reading language files...
2018-06-19 14:26:49,985 - language_support.LanguageSupport - DEBUG - translating string...
2018-06-19 14:26:49,985 - language_support.LanguageSupport - DEBUG - updating lang tags...
2018-06-19 14:26:49,987 - language_support.LanguageSupport - DEBUG - add new string...
2018-06-19 14:26:49,989 - language_support.LanguageSupport - DEBUG - translating string...
2018-06-19 14:26:49,989 - language_support.LanguageSupport - DEBUG - add new string...
2018-06-19 14:28:16,134 - language_support.LanguageSupport - DEBUG - initializing tags...
2018-06-19 14:28:16,135 - language_support.LanguageSupport - DEBUG - tags: 1
2018-06-19 14:28:16,135 - language_support.LanguageSupport - DEBUG - initializing filenames...
2018-06-19 14:28:16,136 - language_support.LanguageSupport - DEBUG - Files: 1
2018-06-19 14:28:16,136 - language_support.LanguageSupport - DEBUG - initializing reference file...
2018-06-19 14:28:16,136 - language_support.LanguageSupport - DEBUG - strings: 2
2018-06-19 14:28:16,137 - language_support.LanguageSupport - DEBUG - Reading language files...
2018-06-19 14:28:16,137 - language_support.LanguageSupport - DEBUG - reading blocks..
2018-06-19 14:28:22,229 - language_support.LanguageSupport - DEBUG - initializing tags...
2018-06-19 14:28:22,230 - language_support.LanguageSupport - DEBUG - tags: 1
2018-06-19 14:28:22,230 - language_support.LanguageSupport - DEBUG - initializing filenames...
2018-06-19 14:28:22,230 - language_support.LanguageSupport - DEBUG - Files: 1
2018-06-19 14:28:22,231 - language_support.LanguageSupport - DEBUG - initializing reference file...
2018-06-19 14:28:22,231 - language_support.LanguageSupport - DEBUG - strings: 2
2018-06-19 14:28:22,231 - language_support.LanguageSupport - DEBUG - Reading language files...
2018-06-19 14:28:22,231 - language_support.LanguageSupport - DEBUG - reading blocks..
2018-06-19 14:28:30,452 - language_support.LanguageSupport - DEBUG - initializing tags...
2018-06-19 14:28:30,453 - language_support.LanguageSupport - DEBUG - tags: 0
2018-06-19 14:28:30,453 - language_support.LanguageSupport - DEBUG - initializing filenames...
2018-06-19 14:28:30,453 - language_support.LanguageSupport - DEBUG - Files: 0
2018-06-19 14:28:30,453 - language_support.LanguageSupport - DEBUG - initializing reference file...
2018-06-19 14:28:30,454 - language_support.LanguageSupport - DEBUG - strings: 0
2018-06-19 14:28:30,455 - language_support.LanguageSupport - DEBUG - Reading language files...
2018-06-19 14:28:30,455 - language_support.LanguageSupport - DEBUG - translating string...
2018-06-19 14:28:30,455 - language_support.LanguageSupport - DEBUG - updating lang tags...
2018-06-19 14:28:30,460 - language_support.LanguageSupport - DEBUG - add new string...
2018-06-19 14:28:30,461 - language_support.LanguageSupport - DEBUG - translating string...
2018-06-19 14:28:30,462 - language_support.LanguageSupport - DEBUG - add new string...
2018-06-19 14:28:35,033 - language_support.LanguageSupport - DEBUG - initializing tags...
2018-06-19 14:28:35,033 - language_support.LanguageSupport - DEBUG - tags: 1
2018-06-19 14:28:35,034 - language_support.LanguageSupport - DEBUG - initializing filenames...
2018-06-19 14:28:35,034 - language_support.LanguageSupport - DEBUG - Files: 1
2018-06-19 14:28:35,034 - language_support.LanguageSupport - DEBUG - initializing reference file...
2018-06-19 14:28:35,034 - language_support.LanguageSupport - DEBUG - strings: 2
2018-06-19 14:28:35,035 - language_support.LanguageSupport - DEBUG - Reading language files...
2018-06-19 14:28:35,035 - language_support.LanguageSupport - DEBUG - reading blocks..
2018-06-19 14:28:35,036 - language_support.LanguageSupport - DEBUG - translating string...
2018-06-19 14:28:35,036 - language_support.LanguageSupport - DEBUG - translating string...
2018-06-19 14:31:27,569 - language_support.LanguageSupport - DEBUG - initializing tags...
2018-06-19 14:31:27,570 - language_support.LanguageSupport - DEBUG - tags: 1
2018-06-19 14:31:27,570 - language_support.LanguageSupport - DEBUG - initializing filenames...
2018-06-19 14:31:27,570 - language_support.LanguageSupport - DEBUG - Files: 1
2018-06-19 14:31:27,571 - language_support.LanguageSupport - DEBUG - initializing reference file...
2018-06-19 14:31:27,571 - language_support.LanguageSupport - DEBUG - strings: 2
2018-06-19 14:31:27,571 - language_support.LanguageSupport - DEBUG - Reading language files...
2018-06-19 14:31:27,571 - language_support.LanguageSupport - DEBUG - reading blocks..
2018-06-19 14:31:27,572 - language_support.LanguageSupport - DEBUG - translating string...
2018-06-19 14:31:27,573 - language_support.LanguageSupport - DEBUG - translating string...
2018-06-19 14:31:44,405 - language_support.LanguageSupport - DEBUG - initializing tags...
2018-06-19 14:31:44,405 - language_support.LanguageSupport - DEBUG - tags: 0
2018-06-19 14:31:44,406 - language_support.LanguageSupport - DEBUG - initializing filenames...
2018-06-19 14:31:44,406 - language_support.LanguageSupport - DEBUG - Files: 0
2018-06-19 14:31:44,406 - language_support.LanguageSupport - DEBUG - initializing reference file...
2018-06-19 14:31:44,407 - language_support.LanguageSupport - DEBUG - strings: 0
2018-06-19 14:31:44,407 - language_support.LanguageSupport - DEBUG - Reading language files...
2018-06-19 14:31:44,408 - language_support.LanguageSupport - DEBUG - translating string...
2018-06-19 14:31:44,408 - language_support.LanguageSupport - DEBUG - updating lang tags...
2018-06-19 14:31:44,412 - language_support.LanguageSupport - DEBUG - add new string...
2018-06-19 14:31:44,414 - language_support.LanguageSupport - DEBUG - translating string...
2018-06-19 14:31:44,414 - language_support.LanguageSupport - DEBUG - add new string...
2018-06-19 14:32:07,301 - language_support.LanguageSupport - DEBUG - initializing tags...
2018-06-19 14:32:07,301 - language_support.LanguageSupport - DEBUG - tags: 1
2018-06-19 14:32:07,301 - language_support.LanguageSupport - DEBUG - initializing filenames...
2018-06-19 14:32:07,301 - language_support.LanguageSupport - DEBUG - Files: 1
2018-06-19 14:32:07,302 - language_support.LanguageSupport - DEBUG - initializing reference file...
2018-06-19 14:32:07,302 - language_support.LanguageSupport - DEBUG - strings: 2
2018-06-19 14:32:07,302 - language_support.LanguageSupport - DEBUG - Reading language files...
2018-06-19 14:32:07,302 - language_support.LanguageSupport - DEBUG - reading blocks..
2018-06-19 14:32:46,376 - language_support.LanguageSupport - DEBUG - initializing tags...
2018-06-19 14:32:46,377 - language_support.LanguageSupport - DEBUG - tags: 1
2018-06-19 14:32:46,377 - language_support.LanguageSupport - DEBUG - initializing filenames...
2018-06-19 14:32:46,377 - language_support.LanguageSupport - DEBUG - Files: 1
2018-06-19 14:32:46,377 - language_support.LanguageSupport - DEBUG - initializing reference file...
2018-06-19 14:32:46,378 - language_support.LanguageSupport - DEBUG - strings: 2
2018-06-19 14:32:46,378 - language_support.LanguageSupport - DEBUG - Reading language files...
2018-06-19 14:32:46,378 - language_support.LanguageSupport - DEBUG - reading blocks..
2018-06-19 14:33:04,466 - language_support.LanguageSupport - DEBUG - initializing tags...
2018-06-19 14:33:04,466 - language_support.LanguageSupport - DEBUG - tags: 1
2018-06-19 14:33:04,467 - language_support.LanguageSupport - DEBUG - initializing filenames...
2018-06-19 14:33:04,467 - language_support.LanguageSupport - DEBUG - Files: 1
2018-06-19 14:33:04,467 - language_support.LanguageSupport - DEBUG - initializing reference file...
2018-06-19 14:33:04,467 - language_support.LanguageSupport - DEBUG - strings: 2
2018-06-19 14:33:04,467 - language_support.LanguageSupport - DEBUG - Reading language files...
2018-06-19 14:33:04,468 - language_support.LanguageSupport - DEBUG - reading blocks..
2018-06-19 14:33:04,471 - language_support.LanguageSupport - DEBUG - translating string...
2018-06-19 14:33:04,472 - language_support.LanguageSupport - DEBUG - translating string...
2018-06-19 14:39:27,482 - language_support.LanguageSupport - DEBUG - initializing tags...
2018-06-19 14:39:27,483 - language_support.LanguageSupport - DEBUG - tags: 1
2018-06-19 14:39:27,483 - language_support.LanguageSupport - DEBUG - initializing filenames...
2018-06-19 14:39:27,483 - language_support.LanguageSupport - DEBUG - Files: 1
2018-06-19 14:39:27,483 - language_support.LanguageSupport - DEBUG - initializing reference file...
2018-06-19 14:39:27,484 - language_support.LanguageSupport - DEBUG - strings: 2
2018-06-19 14:39:27,484 - language_support.LanguageSupport - DEBUG - Reading language files...
2018-06-19 14:39:27,484 - language_support.LanguageSupport - DEBUG - reading blocks..
2018-06-19 14:39:27,486 - language_support.LanguageSupport - DEBUG - translating string...
2018-06-19 14:39:27,487 - language_support.LanguageSupport - DEBUG - translating string...
2018-06-19 14:43:08,852 - language_support.LanguageSupport - DEBUG - initializing tags...
2018-06-19 14:43:08,855 - language_support.LanguageSupport - DEBUG - tags: 1
2018-06-19 14:43:08,855 - language_support.LanguageSupport - DEBUG - initializing filenames...
2018-06-19 14:43:08,855 - language_support.LanguageSupport - DEBUG - Files: 1
2018-06-19 14:43:08,856 - language_support.LanguageSupport - DEBUG - initializing reference file...
2018-06-19 14:43:08,856 - language_support.LanguageSupport - DEBUG - strings: 2
2018-06-19 14:43:08,856 - language_support.LanguageSupport - DEBUG - Reading language files...
2018-06-19 14:43:08,857 - language_support.LanguageSupport - DEBUG - reading blocks..
2018-06-19 14:43:08,860 - language_support.LanguageSupport - DEBUG - translating string...
2018-06-19 14:43:08,861 - language_support.LanguageSupport - DEBUG - translating string...
2018-06-19 14:43:39,798 - language_support.LanguageSupport - DEBUG - initializing tags...
2018-06-19 14:43:39,799 - language_support.LanguageSupport - DEBUG - tags: 1
2018-06-19 14:43:39,799 - language_support.LanguageSupport - DEBUG - initializing filenames...
2018-06-19 14:43:39,799 - language_support.LanguageSupport - DEBUG - Files: 1
2018-06-19 14:43:39,800 - language_support.LanguageSupport - DEBUG - initializing reference file...
2018-06-19 14:43:39,800 - language_support.LanguageSupport - DEBUG - strings: 2
2018-06-19 14:43:39,800 - language_support.LanguageSupport - DEBUG - Reading language files...
2018-06-19 14:43:39,800 - language_support.LanguageSupport - DEBUG - reading blocks..
2018-06-19 14:43:39,803 - language_support.LanguageSupport - DEBUG - translating string...
2018-06-19 14:43:39,803 - language_support.LanguageSupport - DEBUG - translating string...
2018-06-19 14:44:12,008 - language_support.LanguageSupport - DEBUG - initializing tags...
2018-06-19 14:44:12,009 - language_support.LanguageSupport - DEBUG - tags: 1
2018-06-19 14:44:12,009 - language_support.LanguageSupport - DEBUG - initializing filenames...
2018-06-19 14:44:12,010 - language_support.LanguageSupport - DEBUG - Files: 1
2018-06-19 14:44:12,010 - language_support.LanguageSupport - DEBUG - initializing reference file...
2018-06-19 14:44:12,011 - language_support.LanguageSupport - DEBUG - strings: 2
2018-06-19 14:44:12,011 - language_support.LanguageSupport - DEBUG - Reading language files...
2018-06-19 14:44:12,011 - language_support.LanguageSupport - DEBUG - reading blocks..
2018-06-19 14:44:12,014 - language_support.LanguageSupport - DEBUG - translating string...
2018-06-19 14:44:12,014 - language_support.LanguageSupport - DEBUG - translating string...
2018-06-19 14:46:14,139 - language_support.LanguageSupport - DEBUG - initializing tags...
2018-06-19 14:46:14,139 - language_support.LanguageSupport - DEBUG - tags: 0
2018-06-19 14:46:14,140 - language_support.LanguageSupport - DEBUG - initializing filenames...
2018-06-19 14:46:14,140 - language_support.LanguageSupport - DEBUG - Files: 0
2018-06-19 14:46:14,140 - language_support.LanguageSupport - DEBUG - initializing reference file...
2018-06-19 14:46:14,140 - language_support.LanguageSupport - DEBUG - strings: 0
2018-06-19 14:46:14,140 - language_support.LanguageSupport - DEBUG - Reading language files...
2018-06-19 14:46:14,141 - language_support.LanguageSupport - DEBUG - translating string...
2018-06-19 14:46:14,141 - language_support.LanguageSupport - DEBUG - updating lang tags...
2018-06-19 14:46:14,143 - language_support.LanguageSupport - DEBUG - add new string...
2018-06-19 14:48:28,289 - language_support.LanguageSupport - DEBUG - initializing tags...
2018-06-19 14:48:28,290 - language_support.LanguageSupport - DEBUG - tags: 1
2018-06-19 14:48:28,290 - language_support.LanguageSupport - DEBUG - initializing filenames...
2018-06-19 14:48:28,291 - language_support.LanguageSupport - DEBUG - Files: 1
2018-06-19 14:48:28,291 - language_support.LanguageSupport - DEBUG - initializing reference file...
2018-06-19 14:48:28,292 - language_support.LanguageSupport - DEBUG - strings: 1
2018-06-19 14:48:28,292 - language_support.LanguageSupport - DEBUG - Reading language files...
2018-06-19 14:48:28,292 - language_support.LanguageSupport - DEBUG - reading blocks..
2018-06-19 14:48:28,294 - language_support.LanguageSupport - DEBUG - translating string...
2018-06-19 14:48:38,210 - language_support.LanguageSupport - DEBUG - initializing tags...
2018-06-19 14:48:38,211 - language_support.LanguageSupport - DEBUG - tags: 0
2018-06-19 14:48:38,211 - language_support.LanguageSupport - DEBUG - initializing filenames...
2018-06-19 14:48:38,211 - language_support.LanguageSupport - DEBUG - Files: 0
2018-06-19 14:48:38,211 - language_support.LanguageSupport - DEBUG - initializing reference file...
2018-06-19 14:48:38,212 - language_support.LanguageSupport - DEBUG - strings: 0
2018-06-19 14:48:38,212 - language_support.LanguageSupport - DEBUG - Reading language files...
2018-06-19 14:48:38,213 - language_support.LanguageSupport - DEBUG - translating string...
2018-06-19 14:48:38,213 - language_support.LanguageSupport - DEBUG - updating lang tags...
2018-06-19 14:48:38,217 - language_support.LanguageSupport - DEBUG - add new string...
2018-06-19 14:49:21,955 - language_support.LanguageSupport - DEBUG - initializing tags...
2018-06-19 14:49:21,956 - language_support.LanguageSupport - DEBUG - tags: 1
2018-06-19 14:49:21,956 - language_support.LanguageSupport - DEBUG - initializing filenames...
2018-06-19 14:49:21,957 - language_support.LanguageSupport - DEBUG - Files: 1
2018-06-19 14:49:21,957 - language_support.LanguageSupport - DEBUG - initializing reference file...
2018-06-19 14:49:21,957 - language_support.LanguageSupport - DEBUG - strings: 1
2018-06-19 14:49:21,958 - language_support.LanguageSupport - DEBUG - Reading language files...
2018-06-19 14:49:21,958 - language_support.LanguageSupport - DEBUG - reading blocks..
2018-06-19 14:49:21,960 - language_support.LanguageSupport - DEBUG - translating string...
2018-06-19 14:49:39,463 - language_support.LanguageSupport - DEBUG - initializing tags...
2018-06-19 14:49:39,464 - language_support.LanguageSupport - DEBUG - tags: 0
2018-06-19 14:49:39,464 - language_support.LanguageSupport - DEBUG - initializing filenames...
2018-06-19 14:49:39,464 - language_support.LanguageSupport - DEBUG - Files: 0
2018-06-19 14:49:39,465 - language_support.LanguageSupport - DEBUG - initializing reference file...
2018-06-19 14:49:39,465 - language_support.LanguageSupport - DEBUG - strings: 0
2018-06-19 14:49:39,465 - language_support.LanguageSupport - DEBUG - Reading language files...
2018-06-19 14:49:39,467 - language_support.LanguageSupport - DEBUG - translating string...
2018-06-19 14:49:39,467 - language_support.LanguageSupport - DEBUG - updating lang tags...
2018-06-19 14:49:39,469 - language_support.LanguageSupport - DEBUG - add new string...
2018-06-19 14:50:28,801 - language_support.LanguageSupport - DEBUG - initializing tags...
2018-06-19 14:50:28,802 - language_support.LanguageSupport - DEBUG - tags: 0
2018-06-19 14:50:28,802 - language_support.LanguageSupport - DEBUG - initializing filenames...
2018-06-19 14:50:28,802 - language_support.LanguageSupport - DEBUG - Files: 0
2018-06-19 14:50:28,803 - language_support.LanguageSupport - DEBUG - initializing reference file...
2018-06-19 14:50:28,804 - language_support.LanguageSupport - DEBUG - strings: 0
2018-06-19 14:50:28,804 - language_support.LanguageSupport - DEBUG - Reading language files...
2018-06-19 14:50:28,805 - language_support.LanguageSupport - DEBUG - translating string...
2018-06-19 14:50:28,805 - language_support.LanguageSupport - DEBUG - updating lang tags...
2018-06-19 14:50:28,811 - language_support.LanguageSupport - DEBUG - add new string...
2018-06-19 14:51:16,020 - language_support.LanguageSupport - DEBUG - initializing tags...
2018-06-19 14:51:16,021 - language_support.LanguageSupport - DEBUG - tags: 1
2018-06-19 14:51:16,021 - language_support.LanguageSupport - DEBUG - initializing filenames...
2018-06-19 14:51:16,021 - language_support.LanguageSupport - DEBUG - Files: 1
2018-06-19 14:51:16,021 - language_support.LanguageSupport - DEBUG - initializing reference file...
2018-06-19 14:51:16,022 - language_support.LanguageSupport - DEBUG - strings: 1
2018-06-19 14:51:16,023 - language_support.LanguageSupport - DEBUG - Reading language files...
2018-06-19 14:51:16,023 - language_support.LanguageSupport - DEBUG - reading blocks..
2018-06-19 14:51:16,025 - language_support.LanguageSupport - DEBUG - translating string...
2018-06-19 14:51:26,563 - language_support.LanguageSupport - DEBUG - initializing tags...
2018-06-19 14:51:26,564 - language_support.LanguageSupport - DEBUG - tags: 0
2018-06-19 14:51:26,564 - language_support.LanguageSupport - DEBUG - initializing filenames...
2018-06-19 14:51:26,564 - language_support.LanguageSupport - DEBUG - Files: 0
2018-06-19 14:51:26,565 - language_support.LanguageSupport - DEBUG - initializing reference file...
2018-06-19 14:51:26,565 - language_support.LanguageSupport - DEBUG - strings: 0
2018-06-19 14:51:26,565 - language_support.LanguageSupport - DEBUG - Reading language files...
2018-06-19 14:51:26,566 - language_support.LanguageSupport - DEBUG - translating string...
2018-06-19 14:51:26,566 - language_support.LanguageSupport - DEBUG - updating lang tags...
2018-06-19 14:51:26,569 - language_support.LanguageSupport - DEBUG - add new string...
2018-06-19 14:51:47,957 - language_support.LanguageSupport - DEBUG - initializing tags...
2018-06-19 14:51:47,958 - language_support.LanguageSupport - DEBUG - tags: 0
2018-06-19 14:51:47,958 - language_support.LanguageSupport - DEBUG - initializing filenames...
2018-06-19 14:51:47,958 - language_support.LanguageSupport - DEBUG - Files: 0
2018-06-19 14:51:47,958 - language_support.LanguageSupport - DEBUG - initializing reference file...
2018-06-19 14:51:47,959 - language_support.LanguageSupport - DEBUG - strings: 0
2018-06-19 14:51:47,959 - language_support.LanguageSupport - DEBUG - Reading language files...
2018-06-19 14:51:47,960 - language_support.LanguageSupport - DEBUG - translating string...
2018-06-19 14:51:47,960 - language_support.LanguageSupport - DEBUG - updating lang tags...
2018-06-19 14:51:47,965 - language_support.LanguageSupport - DEBUG - add new string...
2018-06-19 14:51:47,967 - language_support.LanguageSupport - DEBUG - translating string...
2018-06-19 14:51:47,967 - language_support.LanguageSupport - DEBUG - add new string...
2018-06-19 14:52:52,595 - language_support.LanguageSupport - DEBUG - initializing tags...
2018-06-19 14:52:52,596 - language_support.LanguageSupport - DEBUG - tags: 2
2018-06-19 14:52:52,596 - language_support.LanguageSupport - DEBUG - initializing filenames...
2018-06-19 14:52:52,596 - language_support.LanguageSupport - DEBUG - Files: 2
2018-06-19 14:52:52,597 - language_support.LanguageSupport - DEBUG - initializing reference file...
2018-06-19 14:52:52,597 - language_support.LanguageSupport - DEBUG - strings: 2
2018-06-19 14:52:52,598 - language_support.LanguageSupport - DEBUG - Reading language files...
2018-06-19 14:52:52,598 - language_support.LanguageSupport - DEBUG - reading blocks..
2018-06-19 14:52:52,600 - language_support.LanguageSupport - DEBUG - reading blocks..
2018-06-19 14:52:52,603 - language_support.LanguageSupport - DEBUG - translating string...
2018-06-19 14:52:52,603 - language_support.LanguageSupport - DEBUG - translating string...
2018-06-19 14:53:46,015 - language_support.LanguageSupport - DEBUG - initializing tags...
2018-06-19 14:53:46,016 - language_support.LanguageSupport - DEBUG - tags: 2
2018-06-19 14:53:46,016 - language_support.LanguageSupport - DEBUG - initializing filenames...
2018-06-19 14:53:46,016 - language_support.LanguageSupport - DEBUG - Files: 2
2018-06-19 14:53:46,016 - language_support.LanguageSupport - DEBUG - initializing reference file...
2018-06-19 14:53:46,017 - language_support.LanguageSupport - DEBUG - strings: 2
2018-06-19 14:53:46,017 - language_support.LanguageSupport - DEBUG - Reading language files...
2018-06-19 14:53:46,017 - language_support.LanguageSupport - DEBUG - reading blocks..
2018-06-19 14:53:46,019 - language_support.LanguageSupport - DEBUG - reading blocks..
2018-06-19 14:53:46,023 - language_support.LanguageSupport - DEBUG - translating string...
2018-06-19 14:53:46,023 - language_support.LanguageSupport - DEBUG - translating string...
2018-06-19 14:55:14,842 - language_support.LanguageSupport - DEBUG - initializing tags...
2018-06-19 14:55:14,843 - language_support.LanguageSupport - DEBUG - tags: 2
2018-06-19 14:55:14,843 - language_support.LanguageSupport - DEBUG - initializing filenames...
2018-06-19 14:55:14,843 - language_support.LanguageSupport - DEBUG - Files: 2
2018-06-19 14:55:14,844 - language_support.LanguageSupport - DEBUG - initializing reference file...
2018-06-19 14:55:14,844 - language_support.LanguageSupport - DEBUG - strings: 2
2018-06-19 14:55:14,844 - language_support.LanguageSupport - DEBUG - Reading language files...
2018-06-19 14:55:14,845 - language_support.LanguageSupport - DEBUG - reading blocks..
2018-06-19 14:55:14,846 - language_support.LanguageSupport - DEBUG - reading blocks..
2018-06-19 14:55:14,850 - __main__ - INFO - 
---Happy rate bot---
2018-06-19 14:55:14,852 - __main__ - INFO - Bot data read, bot ready
2018-06-19 14:55:14,852 - Databases - DEBUG - loading db...
2018-06-19 14:55:14,853 - Databases - DEBUG - Loaded 1 data
2018-06-19 14:55:14,853 - PersonDB - INFO - loaded persons db
2018-06-19 14:55:14,854 - PersonDB - INFO - last uid:0
2018-06-19 14:55:14,854 - Databases - DEBUG - loading db...
2018-06-19 14:55:14,854 - Databases - DEBUG - Loaded 0 data
2018-06-19 14:55:14,854 - ChatsDB - INFO - loaded chats db
2018-06-19 14:55:14,855 - __main__ - INFO - Loaded databases
2018-06-19 14:55:14,856 - __main__ - INFO - Message loop started
2018-06-19 14:55:24,129 - __main__ - DEBUG - private message received
2018-06-19 14:55:24,130 - ChatsDB - INFO - added new chat to database: 1
2018-06-19 14:55:24,130 - language_support.LanguageSupport - DEBUG - translating string...
2018-06-19 14:55:24,400 - ChatsDB - DEBUG - updating database...
2018-06-19 14:55:24,402 - Databases - DEBUG - database update!
2018-06-19 14:55:24,402 - PersonDB - DEBUG - updating database...
2018-06-19 14:55:52,406 - language_support.LanguageSupport - DEBUG - initializing tags...
2018-06-19 14:55:52,407 - language_support.LanguageSupport - DEBUG - tags: 2
2018-06-19 14:55:52,407 - language_support.LanguageSupport - DEBUG - initializing filenames...
2018-06-19 14:55:52,407 - language_support.LanguageSupport - DEBUG - Files: 2
2018-06-19 14:55:52,408 - language_support.LanguageSupport - DEBUG - initializing reference file...
2018-06-19 14:55:52,408 - language_support.LanguageSupport - DEBUG - strings: 2
2018-06-19 14:55:52,408 - language_support.LanguageSupport - DEBUG - Reading language files...
2018-06-19 14:55:52,408 - language_support.LanguageSupport - DEBUG - reading blocks..
2018-06-19 14:55:52,410 - language_support.LanguageSupport - DEBUG - reading blocks..
2018-06-19 14:55:52,417 - __main__ - INFO - 
---Happy rate bot---
2018-06-19 14:55:52,417 - __main__ - INFO - Bot data read, bot ready
2018-06-19 14:55:52,419 - PersonDB - INFO - loaded persons db
2018-06-19 14:55:52,419 - PersonDB - INFO - last uid:0
2018-06-19 14:55:52,421 - ChatsDB - INFO - loaded chats db
2018-06-19 14:55:52,422 - ChatsDB - INFO - last uid:1
2018-06-19 14:55:52,422 - __main__ - INFO - Loaded databases
2018-06-19 14:55:52,423 - __main__ - INFO - Message loop started
2018-06-19 14:56:43,217 - __main__ - DEBUG - private message received
2018-06-19 14:56:43,218 - language_support.LanguageSupport - DEBUG - translating string...
2018-06-19 14:56:43,502 - ChatsDB - DEBUG - updating database...
2018-06-19 14:56:43,502 - PersonDB - DEBUG - updating database...
