2018-06-20 12:54:58,136 - language_support.LanguageSupport - DEBUG - initializing tags...
2018-06-20 12:54:58,137 - language_support.LanguageSupport - DEBUG - tags: 2
2018-06-20 12:54:58,137 - language_support.LanguageSupport - DEBUG - initializing filenames...
2018-06-20 12:54:58,138 - language_support.LanguageSupport - DEBUG - Files: 2
2018-06-20 12:54:58,138 - language_support.LanguageSupport - DEBUG - initializing reference file...
2018-06-20 12:54:58,139 - language_support.LanguageSupport - DEBUG - strings: 2
2018-06-20 12:54:58,139 - language_support.LanguageSupport - DEBUG - Reading language files...
2018-06-20 12:54:58,139 - language_support.LanguageSupport - DEBUG - reading blocks..
2018-06-20 12:54:58,148 - language_support.LanguageSupport - DEBUG - reading blocks..
2018-06-20 12:54:58,156 - __main__ - INFO - 
---Happy rate bot---
2018-06-20 12:54:58,158 - __main__ - INFO - Bot data read, bot ready
2018-06-20 12:54:58,159 - PersonDB - INFO - loaded persons db
2018-06-20 12:54:58,160 - PersonDB - INFO - last uid:0
2018-06-20 12:54:58,162 - ChatsDB - INFO - loaded chats db
2018-06-20 12:54:58,162 - ChatsDB - INFO - last uid:1
2018-06-20 12:54:58,163 - UsersDB - INFO - loaded users database
2018-06-20 12:54:58,163 - __main__ - INFO - Loaded databases
2018-06-20 12:54:58,165 - __main__ - INFO - Message loop started
2018-06-20 12:55:09,230 - __main__ - DEBUG - private message received
2018-06-20 12:55:09,785 - UsersDB - INFO - added new user to database: 1
2018-06-20 12:55:09,785 - UsersDB - DEBUG - display id 1085131736
2018-06-20 12:55:46,688 - language_support.LanguageSupport - DEBUG - initializing tags...
2018-06-20 12:55:46,689 - language_support.LanguageSupport - DEBUG - tags: 2
2018-06-20 12:55:46,689 - language_support.LanguageSupport - DEBUG - initializing filenames...
2018-06-20 12:55:46,690 - language_support.LanguageSupport - DEBUG - Files: 2
2018-06-20 12:55:46,690 - language_support.LanguageSupport - DEBUG - initializing reference file...
2018-06-20 12:55:46,691 - language_support.LanguageSupport - DEBUG - strings: 2
2018-06-20 12:55:46,692 - language_support.LanguageSupport - DEBUG - Reading language files...
2018-06-20 12:55:46,692 - language_support.LanguageSupport - DEBUG - reading blocks..
2018-06-20 12:55:46,697 - language_support.LanguageSupport - DEBUG - reading blocks..
2018-06-20 12:55:46,703 - __main__ - INFO - 
---Happy rate bot---
2018-06-20 12:55:46,704 - __main__ - INFO - Bot data read, bot ready
2018-06-20 12:55:46,705 - PersonDB - INFO - loaded persons db
2018-06-20 12:55:46,705 - PersonDB - INFO - last uid:0
2018-06-20 12:55:46,706 - ChatsDB - INFO - loaded chats db
2018-06-20 12:55:46,706 - ChatsDB - INFO - last uid:1
2018-06-20 12:55:46,707 - UsersDB - INFO - loaded users database
2018-06-20 12:55:46,707 - __main__ - INFO - Loaded databases
2018-06-20 12:55:46,708 - __main__ - INFO - Message loop started
2018-06-20 12:55:50,986 - __main__ - DEBUG - private message received
2018-06-20 12:55:51,540 - UsersDB - INFO - added new user to database: 1
2018-06-20 12:55:51,541 - UsersDB - DEBUG - display id 1185955528
2018-06-20 12:55:51,542 - language_support.LanguageSupport - DEBUG - translating string...
2018-06-20 12:55:51,543 - language_support.LanguageSupport - DEBUG - add new string...
2018-06-20 12:55:54,835 - ChatsDB - DEBUG - updating database...
2018-06-20 12:55:54,835 - PersonDB - DEBUG - updating database...
2018-06-20 12:57:54,111 - language_support.LanguageSupport - DEBUG - initializing tags...
2018-06-20 12:57:54,111 - language_support.LanguageSupport - DEBUG - tags: 2
2018-06-20 12:57:54,112 - language_support.LanguageSupport - DEBUG - initializing filenames...
2018-06-20 12:57:54,113 - language_support.LanguageSupport - DEBUG - Files: 2
2018-06-20 12:57:54,113 - language_support.LanguageSupport - DEBUG - initializing reference file...
2018-06-20 12:57:54,114 - language_support.LanguageSupport - DEBUG - strings: 3
2018-06-20 12:57:54,114 - language_support.LanguageSupport - DEBUG - Reading language files...
2018-06-20 12:57:54,115 - language_support.LanguageSupport - DEBUG - reading blocks..
2018-06-20 12:57:54,121 - language_support.LanguageSupport - DEBUG - reading blocks..
2018-06-20 12:57:54,129 - __main__ - INFO - 
---Happy rate bot---
2018-06-20 12:57:54,130 - __main__ - INFO - Bot data read, bot ready
2018-06-20 12:57:54,130 - Databases - DEBUG - loading db...
2018-06-20 12:57:54,131 - Databases - DEBUG - Loaded 1 data
2018-06-20 12:57:54,131 - PersonDB - INFO - loaded persons db
2018-06-20 12:57:54,132 - PersonDB - INFO - last uid:0
2018-06-20 12:57:54,132 - Databases - DEBUG - loading db...
2018-06-20 12:57:54,133 - Databases - DEBUG - Loaded 1 data
2018-06-20 12:57:54,134 - ChatsDB - INFO - loaded chats db
2018-06-20 12:57:54,134 - ChatsDB - INFO - last uid:1
2018-06-20 12:57:54,135 - Databases - DEBUG - loading db...
2018-06-20 12:57:54,135 - Databases - DEBUG - Loaded 0 data
2018-06-20 12:57:54,135 - UsersDB - INFO - loaded users database
2018-06-20 12:57:54,136 - __main__ - INFO - Loaded databases
2018-06-20 12:57:54,137 - __main__ - INFO - Message loop started
2018-06-20 12:59:20,259 - language_support.LanguageSupport - DEBUG - initializing tags...
2018-06-20 12:59:20,260 - language_support.LanguageSupport - DEBUG - tags: 2
2018-06-20 12:59:20,261 - language_support.LanguageSupport - DEBUG - initializing filenames...
2018-06-20 12:59:20,261 - language_support.LanguageSupport - DEBUG - Files: 2
2018-06-20 12:59:20,262 - language_support.LanguageSupport - DEBUG - initializing reference file...
2018-06-20 12:59:20,263 - language_support.LanguageSupport - DEBUG - strings: 3
2018-06-20 12:59:20,263 - language_support.LanguageSupport - DEBUG - Reading language files...
2018-06-20 12:59:20,264 - language_support.LanguageSupport - DEBUG - reading blocks..
2018-06-20 12:59:20,270 - language_support.LanguageSupport - DEBUG - reading blocks..
2018-06-20 12:59:20,277 - __main__ - INFO - 
---Happy rate bot---
2018-06-20 12:59:20,279 - __main__ - INFO - Bot data read, bot ready
2018-06-20 12:59:20,280 - Databases - DEBUG - loading db...
2018-06-20 12:59:20,281 - Databases - DEBUG - Loaded 1 data
2018-06-20 12:59:20,282 - PersonDB - INFO - loaded persons db
2018-06-20 12:59:20,282 - PersonDB - INFO - last uid:0
2018-06-20 12:59:20,283 - Databases - DEBUG - loading db...
2018-06-20 12:59:20,284 - Databases - DEBUG - Loaded 1 data
2018-06-20 12:59:20,284 - ChatsDB - INFO - loaded chats db
2018-06-20 12:59:20,284 - ChatsDB - INFO - last uid:1
2018-06-20 12:59:20,285 - Databases - DEBUG - loading db...
2018-06-20 12:59:20,286 - Databases - DEBUG - Loaded 0 data
2018-06-20 12:59:20,286 - UsersDB - INFO - loaded users database
2018-06-20 12:59:20,287 - __main__ - INFO - Loaded databases
2018-06-20 12:59:20,288 - __main__ - INFO - Message loop started
2018-06-20 13:03:48,452 - language_support.LanguageSupport - DEBUG - initializing tags...
2018-06-20 13:03:48,453 - language_support.LanguageSupport - DEBUG - tags: 2
2018-06-20 13:03:48,453 - language_support.LanguageSupport - DEBUG - initializing filenames...
2018-06-20 13:03:48,453 - language_support.LanguageSupport - DEBUG - Files: 2
2018-06-20 13:03:48,454 - language_support.LanguageSupport - DEBUG - initializing reference file...
2018-06-20 13:03:48,454 - language_support.LanguageSupport - DEBUG - retrived strings: 3
2018-06-20 13:03:48,454 - language_support.LanguageSupport - DEBUG - Reading language files...
2018-06-20 13:03:48,454 - language_support.LanguageSupport - DEBUG - reading blocks..
2018-06-20 13:03:48,455 - language_support.LanguageSupport - DEBUG - reading blocks..
2018-06-20 13:03:48,456 - __main__ - INFO - 
---Happy rate bot---
2018-06-20 13:03:48,457 - __main__ - INFO - Bot data read, bot ready
2018-06-20 13:03:48,457 - Databases - DEBUG - loading db...
2018-06-20 13:03:48,459 - Databases - DEBUG - Loaded 1 data
2018-06-20 13:03:48,459 - PersonDB - INFO - loaded persons db
2018-06-20 13:03:48,460 - PersonDB - INFO - last uid:0
2018-06-20 13:03:48,460 - Databases - DEBUG - loading db...
2018-06-20 13:03:48,461 - Databases - DEBUG - Loaded 1 data
2018-06-20 13:03:48,462 - ChatsDB - INFO - loaded chats db
2018-06-20 13:03:48,463 - ChatsDB - INFO - last uid:1
2018-06-20 13:03:48,464 - Databases - DEBUG - loading db...
2018-06-20 13:03:48,465 - Databases - DEBUG - Loaded 0 data
2018-06-20 13:03:48,466 - UsersDB - INFO - loaded users database
2018-06-20 13:03:48,466 - __main__ - INFO - Loaded databases
2018-06-20 13:03:48,467 - __main__ - INFO - Message loop started
2018-06-20 13:05:14,025 - __main__ - DEBUG - private message received
2018-06-20 13:05:14,614 - UsersDB - INFO - added new user to database: 1
2018-06-20 13:05:14,614 - UsersDB - DEBUG - display id 2129636664
2018-06-20 13:05:14,615 - language_support.LanguageSupport - DEBUG - translating string...
2018-06-20 13:05:14,865 - ChatsDB - DEBUG - updating database...
2018-06-20 13:06:34,504 - language_support.LanguageSupport - DEBUG - initializing tags...
2018-06-20 13:06:34,505 - language_support.LanguageSupport - DEBUG - tags: 2
2018-06-20 13:06:34,505 - language_support.LanguageSupport - DEBUG - initializing filenames...
2018-06-20 13:06:34,506 - language_support.LanguageSupport - DEBUG - Files: 2
2018-06-20 13:06:34,506 - language_support.LanguageSupport - DEBUG - initializing reference file...
2018-06-20 13:06:34,507 - language_support.LanguageSupport - DEBUG - retrived strings: 3
2018-06-20 13:06:34,507 - language_support.LanguageSupport - DEBUG - Reading language files...
2018-06-20 13:06:34,507 - language_support.LanguageSupport - DEBUG - reading blocks..
2018-06-20 13:06:34,508 - language_support.LanguageSupport - DEBUG - reading blocks..
2018-06-20 13:06:34,509 - __main__ - INFO - 
---Happy rate bot---
2018-06-20 13:06:34,511 - __main__ - INFO - Bot data read, bot ready
2018-06-20 13:06:34,511 - Databases - DEBUG - loading db...
2018-06-20 13:06:34,512 - Databases - DEBUG - Loaded 1 data
2018-06-20 13:06:34,513 - PersonDB - INFO - loaded persons db
2018-06-20 13:06:34,513 - PersonDB - INFO - last uid:0
2018-06-20 13:06:34,513 - Databases - DEBUG - loading db...
2018-06-20 13:06:34,514 - Databases - DEBUG - Loaded 1 data
2018-06-20 13:06:34,515 - ChatsDB - INFO - loaded chats db
2018-06-20 13:06:34,515 - ChatsDB - INFO - last uid:1
2018-06-20 13:06:34,516 - Databases - DEBUG - loading db...
2018-06-20 13:06:34,516 - Databases - DEBUG - Loaded 0 data
2018-06-20 13:06:34,517 - UsersDB - INFO - loaded users database
2018-06-20 13:06:34,517 - __main__ - INFO - Loaded databases
2018-06-20 13:06:34,518 - __main__ - INFO - Message loop started
2018-06-20 13:06:41,675 - __main__ - DEBUG - private message received
2018-06-20 13:06:42,269 - UsersDB - INFO - added new user to database: 1
2018-06-20 13:06:42,269 - UsersDB - DEBUG - display id 3772875362
2018-06-20 13:06:42,272 - language_support.LanguageSupport - DEBUG - translating string...
2018-06-20 13:06:42,710 - ChatsDB - DEBUG - updating database...
2018-06-20 13:06:42,711 - UsersDB - INFO - updating database...
2018-06-20 13:06:42,713 - Databases - DEBUG - database update!
2018-06-20 13:06:42,713 - PersonDB - DEBUG - updating database...
2018-06-20 13:07:22,466 - language_support.LanguageSupport - DEBUG - initializing tags...
2018-06-20 13:07:22,467 - language_support.LanguageSupport - DEBUG - tags: 2
2018-06-20 13:07:22,467 - language_support.LanguageSupport - DEBUG - initializing filenames...
2018-06-20 13:07:22,468 - language_support.LanguageSupport - DEBUG - Files: 2
2018-06-20 13:07:22,468 - language_support.LanguageSupport - DEBUG - initializing reference file...
2018-06-20 13:07:22,469 - language_support.LanguageSupport - DEBUG - retrived strings: 3
2018-06-20 13:07:22,469 - language_support.LanguageSupport - DEBUG - Reading language files...
2018-06-20 13:07:22,469 - language_support.LanguageSupport - DEBUG - reading blocks..
2018-06-20 13:07:22,470 - language_support.LanguageSupport - DEBUG - reading blocks..
2018-06-20 13:07:22,471 - __main__ - INFO - 
---Happy rate bot---
2018-06-20 13:07:22,472 - __main__ - INFO - Bot data read, bot ready
2018-06-20 13:07:22,473 - Databases - DEBUG - loading db...
2018-06-20 13:07:22,475 - Databases - DEBUG - Loaded 1 data
2018-06-20 13:07:22,475 - PersonDB - INFO - loaded persons db
2018-06-20 13:07:22,475 - PersonDB - INFO - last uid:0
2018-06-20 13:07:22,476 - Databases - DEBUG - loading db...
2018-06-20 13:07:22,477 - Databases - DEBUG - Loaded 1 data
2018-06-20 13:07:22,477 - ChatsDB - INFO - loaded chats db
2018-06-20 13:07:22,477 - ChatsDB - INFO - last uid:1
2018-06-20 13:07:22,478 - Databases - DEBUG - loading db...
2018-06-20 13:07:22,479 - Databases - DEBUG - Loaded 1 data
2018-06-20 13:07:22,479 - UsersDB - INFO - loaded users database
2018-06-20 13:07:22,480 - UsersDB - INFO - last uid:1
2018-06-20 13:07:22,480 - __main__ - INFO - Loaded databases
2018-06-20 13:07:22,481 - __main__ - INFO - Message loop started
2018-06-20 13:07:31,051 - __main__ - DEBUG - private message received
2018-06-20 13:07:31,602 - UsersDB - DEBUG - User already in database, got user
2018-06-20 13:07:31,603 - language_support.LanguageSupport - DEBUG - translating string...
2018-06-20 13:07:31,820 - ChatsDB - DEBUG - updating database...
2018-06-20 13:07:31,820 - UsersDB - INFO - updating database...
2018-06-20 13:07:31,821 - PersonDB - DEBUG - updating database...
2018-06-20 13:55:31,778 - language_support.LanguageSupport - DEBUG - initializing tags...
2018-06-20 13:55:31,779 - language_support.LanguageSupport - DEBUG - tags: 2
2018-06-20 13:55:31,779 - language_support.LanguageSupport - DEBUG - initializing filenames...
2018-06-20 13:55:31,780 - language_support.LanguageSupport - DEBUG - Files: 2
2018-06-20 13:55:31,780 - language_support.LanguageSupport - DEBUG - initializing reference file...
2018-06-20 13:55:31,781 - language_support.LanguageSupport - DEBUG - retrived strings: 3
2018-06-20 13:55:31,782 - language_support.LanguageSupport - DEBUG - Reading language files...
2018-06-20 13:55:31,782 - language_support.LanguageSupport - DEBUG - reading blocks..
2018-06-20 13:55:31,783 - language_support.LanguageSupport - DEBUG - reading blocks..
2018-06-20 13:55:48,739 - language_support.LanguageSupport - DEBUG - initializing tags...
2018-06-20 13:55:48,740 - language_support.LanguageSupport - DEBUG - tags: 2
2018-06-20 13:55:48,740 - language_support.LanguageSupport - DEBUG - initializing filenames...
2018-06-20 13:55:48,741 - language_support.LanguageSupport - DEBUG - Files: 2
2018-06-20 13:55:48,741 - language_support.LanguageSupport - DEBUG - initializing reference file...
2018-06-20 13:55:48,742 - language_support.LanguageSupport - DEBUG - retrived strings: 3
2018-06-20 13:55:48,743 - language_support.LanguageSupport - DEBUG - Reading language files...
2018-06-20 13:55:48,743 - language_support.LanguageSupport - DEBUG - reading blocks..
2018-06-20 13:55:48,744 - language_support.LanguageSupport - DEBUG - reading blocks..
2018-06-20 13:56:10,827 - language_support.LanguageSupport - DEBUG - initializing tags...
2018-06-20 13:56:10,828 - language_support.LanguageSupport - DEBUG - tags: 2
2018-06-20 13:56:10,828 - language_support.LanguageSupport - DEBUG - initializing filenames...
2018-06-20 13:56:10,829 - language_support.LanguageSupport - DEBUG - Files: 2
2018-06-20 13:56:10,829 - language_support.LanguageSupport - DEBUG - initializing reference file...
2018-06-20 13:56:10,830 - language_support.LanguageSupport - DEBUG - retrived strings: 3
2018-06-20 13:56:10,831 - language_support.LanguageSupport - DEBUG - Reading language files...
2018-06-20 13:56:10,831 - language_support.LanguageSupport - DEBUG - reading blocks..
2018-06-20 13:56:10,832 - language_support.LanguageSupport - DEBUG - reading blocks..
2018-06-20 13:56:30,346 - language_support.LanguageSupport - DEBUG - initializing tags...
2018-06-20 13:56:30,347 - language_support.LanguageSupport - DEBUG - tags: 2
2018-06-20 13:56:30,347 - language_support.LanguageSupport - DEBUG - initializing filenames...
2018-06-20 13:56:30,348 - language_support.LanguageSupport - DEBUG - Files: 2
2018-06-20 13:56:30,348 - language_support.LanguageSupport - DEBUG - initializing reference file...
2018-06-20 13:56:30,349 - language_support.LanguageSupport - DEBUG - retrived strings: 3
2018-06-20 13:56:30,350 - language_support.LanguageSupport - DEBUG - Reading language files...
2018-06-20 13:56:30,350 - language_support.LanguageSupport - DEBUG - reading blocks..
2018-06-20 13:56:30,351 - language_support.LanguageSupport - DEBUG - reading blocks..
2018-06-20 13:56:30,353 - __main__ - INFO - 
---Happy rate bot---
2018-06-20 13:56:30,354 - __main__ - INFO - Bot data read, bot ready
2018-06-20 13:56:30,354 - Databases - DEBUG - loading db...
2018-06-20 13:56:30,356 - Databases - DEBUG - Loaded 1 data
2018-06-20 13:56:30,356 - PersonDB - INFO - loaded persons db
2018-06-20 13:56:30,356 - PersonDB - INFO - last uid:0
2018-06-20 13:56:30,357 - Databases - DEBUG - loading db...
2018-06-20 13:56:30,358 - Databases - DEBUG - Loaded 1 data
2018-06-20 13:56:30,358 - ChatsDB - INFO - loaded chats db
2018-06-20 13:56:30,359 - ChatsDB - INFO - last uid:1
2018-06-20 13:56:30,359 - Databases - DEBUG - loading db...
2018-06-20 13:56:30,360 - Databases - DEBUG - Loaded 1 data
2018-06-20 13:56:30,360 - UsersDB - INFO - loaded users database
2018-06-20 13:56:30,360 - UsersDB - INFO - last uid:1
2018-06-20 13:56:30,361 - __main__ - INFO - Loaded databases
2018-06-20 13:56:30,362 - __main__ - INFO - Message loop started
2018-06-20 13:56:49,540 - __main__ - DEBUG - private message received
2018-06-20 13:56:50,110 - UsersDB - DEBUG - User already in database, got user
2018-06-20 13:56:50,740 - __main__ - DEBUG - handle privacy policy
2018-06-20 13:56:50,742 - language_support.LanguageSupport - DEBUG - translating string...
2018-06-20 13:56:50,745 - language_support.LanguageSupport - DEBUG - add new string...
2018-06-20 13:56:51,322 - __main__ - DEBUG - handle rest
2018-06-20 13:56:51,322 - language_support.LanguageSupport - DEBUG - translating string...
2018-06-20 13:56:51,455 - ChatsDB - DEBUG - updating database...
2018-06-20 13:56:51,455 - UsersDB - INFO - updating database...
2018-06-20 13:56:51,456 - PersonDB - DEBUG - updating database...
2018-06-20 13:57:42,457 - __main__ - DEBUG - private message received
2018-06-20 13:57:43,039 - UsersDB - DEBUG - User already in database, got user
2018-06-20 13:57:43,595 - __main__ - DEBUG - handle privacy policy
2018-06-20 13:57:43,596 - language_support.LanguageSupport - DEBUG - translating string...
2018-06-20 13:57:43,705 - __main__ - DEBUG - handle rest
2018-06-20 13:57:43,706 - language_support.LanguageSupport - DEBUG - translating string...
2018-06-20 13:57:43,845 - ChatsDB - DEBUG - updating database...
2018-06-20 13:57:43,845 - UsersDB - INFO - updating database...
2018-06-20 13:57:43,846 - PersonDB - DEBUG - updating database...
2018-06-20 13:57:48,200 - __main__ - DEBUG - private message received
2018-06-20 13:57:48,801 - UsersDB - DEBUG - User already in database, got user
2018-06-20 13:57:49,371 - __main__ - DEBUG - handle privacy policy
2018-06-20 13:57:49,371 - language_support.LanguageSupport - DEBUG - translating string...
2018-06-20 13:57:49,485 - __main__ - DEBUG - handle rest
2018-06-20 13:57:49,486 - language_support.LanguageSupport - DEBUG - translating string...
2018-06-20 13:57:49,596 - ChatsDB - DEBUG - updating database...
2018-06-20 13:57:49,596 - UsersDB - INFO - updating database...
2018-06-20 13:57:49,598 - PersonDB - DEBUG - updating database...
2018-06-20 14:08:37,489 - language_support.LanguageSupport - DEBUG - initializing tags...
2018-06-20 14:08:37,489 - language_support.LanguageSupport - DEBUG - tags: 2
2018-06-20 14:08:37,490 - language_support.LanguageSupport - DEBUG - initializing filenames...
2018-06-20 14:08:37,491 - language_support.LanguageSupport - DEBUG - Files: 2
2018-06-20 14:08:37,492 - language_support.LanguageSupport - DEBUG - initializing reference file...
2018-06-20 14:08:37,493 - language_support.LanguageSupport - DEBUG - retrived strings: 4
2018-06-20 14:08:37,493 - language_support.LanguageSupport - DEBUG - Reading language files...
2018-06-20 14:08:37,494 - language_support.LanguageSupport - DEBUG - reading blocks..
2018-06-20 14:08:37,494 - language_support.LanguageSupport - DEBUG - reading blocks..
2018-06-20 14:08:37,495 - __main__ - INFO - 
---Happy rate bot---
2018-06-20 14:08:37,497 - __main__ - INFO - Bot data read, bot ready
2018-06-20 14:08:37,498 - Databases - DEBUG - loading db...
2018-06-20 14:08:37,499 - Databases - DEBUG - Loaded 1 data
2018-06-20 14:08:37,500 - PersonDB - INFO - loaded persons db
2018-06-20 14:08:37,500 - PersonDB - INFO - last uid:0
2018-06-20 14:08:37,501 - Databases - DEBUG - loading db...
2018-06-20 14:08:37,502 - Databases - DEBUG - Loaded 1 data
2018-06-20 14:08:37,502 - ChatsDB - INFO - loaded chats db
2018-06-20 14:08:37,503 - ChatsDB - INFO - last uid:1
2018-06-20 14:08:37,503 - Databases - DEBUG - loading db...
2018-06-20 14:08:37,504 - Databases - DEBUG - Loaded 1 data
2018-06-20 14:08:37,504 - UsersDB - INFO - loaded users database
2018-06-20 14:08:37,505 - UsersDB - INFO - last uid:1
2018-06-20 14:08:37,506 - __main__ - INFO - Loaded databases
2018-06-20 14:08:37,507 - __main__ - INFO - Message loop started
2018-06-20 14:08:47,551 - __main__ - DEBUG - private message received
2018-06-20 14:08:48,109 - UsersDB - DEBUG - User already in database, got user
2018-06-20 14:08:48,650 - __main__ - DEBUG - handle privacy policy
2018-06-20 14:08:48,651 - language_support.LanguageSupport - DEBUG - translating string...
2018-06-20 14:08:49,155 - __main__ - DEBUG - handle rest
2018-06-20 14:08:49,156 - language_support.LanguageSupport - DEBUG - translating string...
2018-06-20 14:08:49,311 - ChatsDB - DEBUG - updating database...
2018-06-20 14:08:49,311 - UsersDB - INFO - updating database...
2018-06-20 14:08:49,312 - PersonDB - DEBUG - updating database...
2018-06-20 14:10:07,621 - __main__ - DEBUG - private message received
2018-06-20 14:10:08,224 - UsersDB - DEBUG - User already in database, got user
2018-06-20 14:10:08,768 - __main__ - DEBUG - handle privacy policy
2018-06-20 14:10:08,768 - language_support.LanguageSupport - DEBUG - translating string...
2018-06-20 14:10:08,877 - __main__ - DEBUG - handle rest
2018-06-20 14:10:08,878 - language_support.LanguageSupport - DEBUG - translating string...
2018-06-20 14:10:08,950 - ChatsDB - DEBUG - updating database...
2018-06-20 14:10:08,950 - UsersDB - INFO - updating database...
2018-06-20 14:10:08,951 - PersonDB - DEBUG - updating database...
2018-06-20 14:10:29,514 - language_support.LanguageSupport - DEBUG - initializing tags...
2018-06-20 14:10:29,514 - language_support.LanguageSupport - DEBUG - tags: 2
2018-06-20 14:10:29,515 - language_support.LanguageSupport - DEBUG - initializing filenames...
2018-06-20 14:10:29,515 - language_support.LanguageSupport - DEBUG - Files: 2
2018-06-20 14:10:29,515 - language_support.LanguageSupport - DEBUG - initializing reference file...
2018-06-20 14:10:29,516 - language_support.LanguageSupport - DEBUG - retrived strings: 4
2018-06-20 14:10:29,516 - language_support.LanguageSupport - DEBUG - Reading language files...
2018-06-20 14:10:29,516 - language_support.LanguageSupport - DEBUG - reading blocks..
2018-06-20 14:10:29,516 - language_support.LanguageSupport - DEBUG - reading blocks..
2018-06-20 14:10:29,517 - __main__ - INFO - 
---Happy rate bot---
2018-06-20 14:10:29,518 - __main__ - INFO - Bot data read, bot ready
2018-06-20 14:10:29,518 - Databases - DEBUG - loading db...
2018-06-20 14:10:29,519 - Databases - DEBUG - Loaded 1 data
2018-06-20 14:10:29,519 - PersonDB - INFO - loaded persons db
2018-06-20 14:10:29,519 - PersonDB - INFO - last uid:0
2018-06-20 14:10:29,519 - Databases - DEBUG - loading db...
2018-06-20 14:10:29,520 - Databases - DEBUG - Loaded 1 data
2018-06-20 14:10:29,521 - ChatsDB - INFO - loaded chats db
2018-06-20 14:10:29,521 - ChatsDB - INFO - last uid:1
2018-06-20 14:10:29,521 - Databases - DEBUG - loading db...
2018-06-20 14:10:29,522 - Databases - DEBUG - Loaded 1 data
2018-06-20 14:10:29,522 - UsersDB - INFO - loaded users database
2018-06-20 14:10:29,522 - UsersDB - INFO - last uid:1
2018-06-20 14:10:29,523 - __main__ - INFO - Loaded databases
2018-06-20 14:10:29,523 - __main__ - INFO - Message loop started
2018-06-20 14:10:33,206 - __main__ - DEBUG - private message received
2018-06-20 14:10:33,782 - UsersDB - DEBUG - User already in database, got user
2018-06-20 14:10:34,329 - __main__ - DEBUG - handle privacy policy
2018-06-20 14:10:34,330 - language_support.LanguageSupport - DEBUG - translating string...
2018-06-20 14:10:37,672 - ChatsDB - DEBUG - updating database...
2018-06-20 14:10:37,672 - UsersDB - INFO - updating database...
2018-06-20 14:10:37,673 - PersonDB - DEBUG - updating database...
2018-06-20 14:10:47,329 - __main__ - DEBUG - private message received
2018-06-20 14:10:47,877 - UsersDB - DEBUG - User already in database, got user
2018-06-20 14:10:48,425 - __main__ - DEBUG - handle privacy policy
2018-06-20 14:10:48,426 - language_support.LanguageSupport - DEBUG - translating string...
2018-06-20 14:10:48,566 - ChatsDB - DEBUG - updating database...
2018-06-20 14:10:48,567 - UsersDB - INFO - updating database...
2018-06-20 14:10:48,567 - PersonDB - DEBUG - updating database...
2018-06-20 14:11:41,954 - __main__ - DEBUG - private message received
2018-06-20 14:11:42,553 - UsersDB - DEBUG - User already in database, got user
2018-06-20 14:11:43,122 - __main__ - DEBUG - handle privacy policy
2018-06-20 14:11:43,122 - language_support.LanguageSupport - DEBUG - translating string...
2018-06-20 14:11:43,207 - ChatsDB - DEBUG - updating database...
2018-06-20 14:11:43,207 - UsersDB - INFO - updating database...
2018-06-20 14:11:43,207 - PersonDB - DEBUG - updating database...
2018-06-20 14:11:45,170 - __main__ - DEBUG - private message received
2018-06-20 14:11:45,765 - UsersDB - DEBUG - User already in database, got user
2018-06-20 14:11:46,344 - __main__ - DEBUG - handle privacy policy
2018-06-20 14:11:46,345 - language_support.LanguageSupport - DEBUG - translating string...
2018-06-20 14:11:46,440 - ChatsDB - DEBUG - updating database...
2018-06-20 14:11:46,441 - UsersDB - INFO - updating database...
2018-06-20 14:11:46,441 - PersonDB - DEBUG - updating database...
2018-06-20 14:12:32,209 - language_support.LanguageSupport - DEBUG - initializing tags...
2018-06-20 14:12:32,210 - language_support.LanguageSupport - DEBUG - tags: 2
2018-06-20 14:12:32,211 - language_support.LanguageSupport - DEBUG - initializing filenames...
2018-06-20 14:12:32,211 - language_support.LanguageSupport - DEBUG - Files: 2
2018-06-20 14:12:32,211 - language_support.LanguageSupport - DEBUG - initializing reference file...
2018-06-20 14:12:32,212 - language_support.LanguageSupport - DEBUG - retrived strings: 4
2018-06-20 14:12:32,212 - language_support.LanguageSupport - DEBUG - Reading language files...
2018-06-20 14:12:32,212 - language_support.LanguageSupport - DEBUG - reading blocks..
2018-06-20 14:12:32,213 - language_support.LanguageSupport - DEBUG - reading blocks..
2018-06-20 14:12:32,214 - __main__ - INFO - 
---Happy rate bot---
2018-06-20 14:12:32,215 - __main__ - INFO - Bot data read, bot ready
2018-06-20 14:12:32,215 - Databases - DEBUG - loading db...
2018-06-20 14:12:32,216 - Databases - DEBUG - Loaded 1 data
2018-06-20 14:12:32,216 - PersonDB - INFO - loaded persons db
2018-06-20 14:12:32,216 - PersonDB - INFO - last uid:0
2018-06-20 14:12:32,217 - Databases - DEBUG - loading db...
2018-06-20 14:12:32,218 - Databases - DEBUG - Loaded 1 data
2018-06-20 14:12:32,218 - ChatsDB - INFO - loaded chats db
2018-06-20 14:12:32,218 - ChatsDB - INFO - last uid:1
2018-06-20 14:12:32,219 - Databases - DEBUG - loading db...
2018-06-20 14:12:32,219 - Databases - DEBUG - Loaded 1 data
2018-06-20 14:12:32,220 - UsersDB - INFO - loaded users database
2018-06-20 14:12:32,220 - UsersDB - INFO - last uid:1
2018-06-20 14:12:32,220 - __main__ - INFO - Loaded databases
2018-06-20 14:12:32,221 - __main__ - INFO - Message loop started
2018-06-20 14:12:40,274 - __main__ - DEBUG - private message received
2018-06-20 14:12:40,841 - UsersDB - DEBUG - User already in database, got user
2018-06-20 14:12:41,384 - __main__ - DEBUG - handle privacy policy
2018-06-20 14:12:41,385 - language_support.LanguageSupport - DEBUG - translating string...
2018-06-20 14:12:41,924 - ChatsDB - DEBUG - updating database...
2018-06-20 14:12:41,924 - UsersDB - INFO - updating database...
2018-06-20 14:12:41,924 - PersonDB - DEBUG - updating database...
2018-06-20 14:12:43,920 - __main__ - DEBUG - private message received
2018-06-20 14:12:44,522 - UsersDB - DEBUG - User already in database, got user
2018-06-20 14:12:45,070 - __main__ - DEBUG - handle privacy policy
2018-06-20 14:12:45,071 - language_support.LanguageSupport - DEBUG - translating string...
2018-06-20 14:12:45,145 - ChatsDB - DEBUG - updating database...
2018-06-20 14:12:45,145 - UsersDB - INFO - updating database...
2018-06-20 14:12:45,145 - PersonDB - DEBUG - updating database...
2018-06-20 14:13:34,528 - language_support.LanguageSupport - DEBUG - initializing tags...
2018-06-20 14:13:34,529 - language_support.LanguageSupport - DEBUG - tags: 2
2018-06-20 14:13:34,529 - language_support.LanguageSupport - DEBUG - initializing filenames...
2018-06-20 14:13:34,530 - language_support.LanguageSupport - DEBUG - Files: 2
2018-06-20 14:13:34,530 - language_support.LanguageSupport - DEBUG - initializing reference file...
2018-06-20 14:13:34,530 - language_support.LanguageSupport - DEBUG - retrived strings: 4
2018-06-20 14:13:34,531 - language_support.LanguageSupport - DEBUG - Reading language files...
2018-06-20 14:13:34,531 - language_support.LanguageSupport - DEBUG - reading blocks..
2018-06-20 14:13:34,532 - language_support.LanguageSupport - DEBUG - reading blocks..
2018-06-20 14:13:34,533 - __main__ - INFO - 
---Happy rate bot---
2018-06-20 14:13:34,534 - __main__ - INFO - Bot data read, bot ready
2018-06-20 14:13:34,534 - Databases - DEBUG - loading db...
2018-06-20 14:13:34,535 - Databases - DEBUG - Loaded 1 data
2018-06-20 14:13:34,535 - PersonDB - INFO - loaded persons db
2018-06-20 14:13:34,535 - PersonDB - INFO - last uid:0
2018-06-20 14:13:34,535 - Databases - DEBUG - loading db...
2018-06-20 14:13:34,536 - Databases - DEBUG - Loaded 1 data
2018-06-20 14:13:34,536 - ChatsDB - INFO - loaded chats db
2018-06-20 14:13:34,536 - ChatsDB - INFO - last uid:1
2018-06-20 14:13:34,536 - Databases - DEBUG - loading db...
2018-06-20 14:13:34,537 - Databases - DEBUG - Loaded 1 data
2018-06-20 14:13:34,537 - UsersDB - INFO - loaded users database
2018-06-20 14:13:34,537 - UsersDB - INFO - last uid:1
2018-06-20 14:13:34,537 - __main__ - INFO - Loaded databases
2018-06-20 14:13:34,538 - __main__ - INFO - Message loop started
2018-06-20 14:13:38,784 - __main__ - DEBUG - private message received
2018-06-20 14:13:39,361 - UsersDB - DEBUG - User already in database, got user
2018-06-20 14:13:39,946 - __main__ - DEBUG - handle privacy policy
2018-06-20 14:13:39,947 - language_support.LanguageSupport - DEBUG - translating string...
2018-06-20 14:13:42,109 - ChatsDB - DEBUG - updating database...
2018-06-20 14:13:42,109 - UsersDB - INFO - updating database...
2018-06-20 14:13:42,109 - PersonDB - DEBUG - updating database...
2018-06-20 14:13:45,865 - __main__ - DEBUG - private message received
2018-06-20 14:13:46,451 - UsersDB - DEBUG - User already in database, got user
2018-06-20 14:13:47,012 - __main__ - DEBUG - handle privacy policy
2018-06-20 14:13:47,013 - language_support.LanguageSupport - DEBUG - translating string...
2018-06-20 14:13:47,094 - ChatsDB - DEBUG - updating database...
2018-06-20 14:13:47,094 - UsersDB - INFO - updating database...
2018-06-20 14:13:47,094 - PersonDB - DEBUG - updating database...
2018-06-20 14:14:32,721 - language_support.LanguageSupport - DEBUG - initializing tags...
2018-06-20 14:14:32,721 - language_support.LanguageSupport - DEBUG - tags: 2
2018-06-20 14:14:32,721 - language_support.LanguageSupport - DEBUG - initializing filenames...
2018-06-20 14:14:32,722 - language_support.LanguageSupport - DEBUG - Files: 2
2018-06-20 14:14:32,722 - language_support.LanguageSupport - DEBUG - initializing reference file...
2018-06-20 14:14:32,723 - language_support.LanguageSupport - DEBUG - retrived strings: 4
2018-06-20 14:14:32,723 - language_support.LanguageSupport - DEBUG - Reading language files...
2018-06-20 14:14:32,723 - language_support.LanguageSupport - DEBUG - reading blocks..
2018-06-20 14:14:32,724 - language_support.LanguageSupport - DEBUG - reading blocks..
2018-06-20 14:14:32,725 - __main__ - INFO - 
---Happy rate bot---
2018-06-20 14:14:32,726 - __main__ - INFO - Bot data read, bot ready
2018-06-20 14:14:32,726 - Databases - DEBUG - loading db...
2018-06-20 14:14:32,726 - Databases - DEBUG - Loaded 1 data
2018-06-20 14:14:32,726 - PersonDB - INFO - loaded persons db
2018-06-20 14:14:32,727 - PersonDB - INFO - last uid:0
2018-06-20 14:14:32,727 - Databases - DEBUG - loading db...
2018-06-20 14:14:32,728 - Databases - DEBUG - Loaded 1 data
2018-06-20 14:14:32,728 - ChatsDB - INFO - loaded chats db
2018-06-20 14:14:32,728 - ChatsDB - INFO - last uid:1
2018-06-20 14:14:32,728 - Databases - DEBUG - loading db...
2018-06-20 14:14:32,729 - Databases - DEBUG - Loaded 1 data
2018-06-20 14:14:32,729 - UsersDB - INFO - loaded users database
2018-06-20 14:14:32,729 - UsersDB - INFO - last uid:1
2018-06-20 14:14:32,729 - __main__ - INFO - Loaded databases
2018-06-20 14:14:32,731 - __main__ - INFO - Message loop started
2018-06-20 14:14:44,219 - __main__ - DEBUG - private message received
2018-06-20 14:14:44,797 - UsersDB - DEBUG - User already in database, got user
2018-06-20 14:14:45,333 - __main__ - DEBUG - handle privacy policy
2018-06-20 14:14:45,334 - language_support.LanguageSupport - DEBUG - translating string...
2018-06-20 14:14:46,325 - ChatsDB - DEBUG - updating database...
2018-06-20 14:14:46,326 - UsersDB - INFO - updating database...
2018-06-20 14:14:46,326 - PersonDB - DEBUG - updating database...
2018-06-20 14:14:48,711 - __main__ - DEBUG - private message received
2018-06-20 14:14:49,262 - UsersDB - DEBUG - User already in database, got user
2018-06-20 14:14:49,820 - __main__ - DEBUG - handle privacy policy
2018-06-20 14:14:49,820 - language_support.LanguageSupport - DEBUG - translating string...
2018-06-20 14:14:49,951 - ChatsDB - DEBUG - updating database...
2018-06-20 14:14:49,951 - UsersDB - INFO - updating database...
2018-06-20 14:14:49,952 - PersonDB - DEBUG - updating database...
2018-06-20 14:15:32,084 - language_support.LanguageSupport - DEBUG - initializing tags...
2018-06-20 14:15:32,085 - language_support.LanguageSupport - DEBUG - tags: 2
2018-06-20 14:15:32,085 - language_support.LanguageSupport - DEBUG - initializing filenames...
2018-06-20 14:15:32,086 - language_support.LanguageSupport - DEBUG - Files: 2
2018-06-20 14:15:32,086 - language_support.LanguageSupport - DEBUG - initializing reference file...
2018-06-20 14:15:32,086 - language_support.LanguageSupport - DEBUG - retrived strings: 4
2018-06-20 14:15:32,087 - language_support.LanguageSupport - DEBUG - Reading language files...
2018-06-20 14:15:32,088 - language_support.LanguageSupport - DEBUG - reading blocks..
2018-06-20 14:15:32,088 - language_support.LanguageSupport - DEBUG - reading blocks..
2018-06-20 14:15:32,089 - __main__ - INFO - 
---Happy rate bot---
2018-06-20 14:15:32,090 - __main__ - INFO - Bot data read, bot ready
2018-06-20 14:15:32,090 - Databases - DEBUG - loading db...
2018-06-20 14:15:32,091 - Databases - DEBUG - Loaded 1 data
2018-06-20 14:15:32,091 - PersonDB - INFO - loaded persons db
2018-06-20 14:15:32,091 - PersonDB - INFO - last uid:0
2018-06-20 14:15:32,091 - Databases - DEBUG - loading db...
2018-06-20 14:15:32,092 - Databases - DEBUG - Loaded 1 data
2018-06-20 14:15:32,092 - ChatsDB - INFO - loaded chats db
2018-06-20 14:15:32,092 - ChatsDB - INFO - last uid:1
2018-06-20 14:15:32,093 - Databases - DEBUG - loading db...
2018-06-20 14:15:32,093 - Databases - DEBUG - Loaded 1 data
2018-06-20 14:15:32,094 - UsersDB - INFO - loaded users database
2018-06-20 14:15:32,094 - UsersDB - INFO - last uid:1
2018-06-20 14:15:32,094 - __main__ - INFO - Loaded databases
2018-06-20 14:15:32,095 - __main__ - INFO - Message loop started
2018-06-20 14:15:36,144 - __main__ - DEBUG - private message received
2018-06-20 14:15:36,708 - UsersDB - DEBUG - User already in database, got user
2018-06-20 14:15:37,295 - __main__ - DEBUG - handle privacy policy
2018-06-20 14:15:37,296 - language_support.LanguageSupport - DEBUG - translating string...
2018-06-20 14:15:37,541 - ChatsDB - DEBUG - updating database...
2018-06-20 14:15:37,541 - UsersDB - INFO - updating database...
2018-06-20 14:15:37,542 - PersonDB - DEBUG - updating database...
2018-06-20 14:15:42,374 - __main__ - DEBUG - private message received
2018-06-20 14:15:42,923 - UsersDB - DEBUG - User already in database, got user
2018-06-20 14:15:43,481 - __main__ - DEBUG - handle privacy policy
2018-06-20 14:15:43,482 - language_support.LanguageSupport - DEBUG - translating string...
2018-06-20 14:15:43,583 - ChatsDB - DEBUG - updating database...
2018-06-20 14:15:43,583 - UsersDB - INFO - updating database...
2018-06-20 14:15:43,583 - PersonDB - DEBUG - updating database...
2018-06-20 14:16:14,533 - language_support.LanguageSupport - DEBUG - initializing tags...
2018-06-20 14:16:14,534 - language_support.LanguageSupport - DEBUG - tags: 2
2018-06-20 14:16:14,534 - language_support.LanguageSupport - DEBUG - initializing filenames...
2018-06-20 14:16:14,534 - language_support.LanguageSupport - DEBUG - Files: 2
2018-06-20 14:16:14,535 - language_support.LanguageSupport - DEBUG - initializing reference file...
2018-06-20 14:16:14,536 - language_support.LanguageSupport - DEBUG - retrived strings: 4
2018-06-20 14:16:14,536 - language_support.LanguageSupport - DEBUG - Reading language files...
2018-06-20 14:16:14,536 - language_support.LanguageSupport - DEBUG - reading blocks..
2018-06-20 14:16:14,537 - language_support.LanguageSupport - DEBUG - reading blocks..
2018-06-20 14:16:14,538 - __main__ - INFO - 
---Happy rate bot---
2018-06-20 14:16:14,539 - __main__ - INFO - Bot data read, bot ready
2018-06-20 14:16:14,539 - Databases - DEBUG - loading db...
2018-06-20 14:16:14,540 - Databases - DEBUG - Loaded 1 data
2018-06-20 14:16:14,540 - PersonDB - INFO - loaded persons db
2018-06-20 14:16:14,540 - PersonDB - INFO - last uid:0
2018-06-20 14:16:14,540 - Databases - DEBUG - loading db...
2018-06-20 14:16:14,541 - Databases - DEBUG - Loaded 1 data
2018-06-20 14:16:14,541 - ChatsDB - INFO - loaded chats db
2018-06-20 14:16:14,542 - ChatsDB - INFO - last uid:1
2018-06-20 14:16:14,542 - Databases - DEBUG - loading db...
2018-06-20 14:16:14,543 - Databases - DEBUG - Loaded 1 data
2018-06-20 14:16:14,543 - UsersDB - INFO - loaded users database
2018-06-20 14:16:14,543 - UsersDB - INFO - last uid:1
2018-06-20 14:16:14,544 - __main__ - INFO - Loaded databases
2018-06-20 14:16:14,544 - __main__ - INFO - Message loop started
2018-06-20 14:16:20,756 - __main__ - DEBUG - private message received
2018-06-20 14:16:21,323 - UsersDB - DEBUG - User already in database, got user
2018-06-20 14:16:21,877 - __main__ - DEBUG - handle privacy policy
2018-06-20 14:16:21,878 - language_support.LanguageSupport - DEBUG - translating string...
2018-06-20 14:16:22,394 - ChatsDB - DEBUG - updating database...
2018-06-20 14:16:22,394 - UsersDB - INFO - updating database...
2018-06-20 14:16:22,394 - PersonDB - DEBUG - updating database...
2018-06-20 14:16:25,436 - __main__ - DEBUG - private message received
2018-06-20 14:16:26,005 - UsersDB - DEBUG - User already in database, got user
2018-06-20 14:16:26,558 - __main__ - DEBUG - handle privacy policy
2018-06-20 14:16:26,559 - Handle - DEBUG - working on function /accept
2018-06-20 14:17:09,082 - language_support.LanguageSupport - DEBUG - initializing tags...
2018-06-20 14:17:09,083 - language_support.LanguageSupport - DEBUG - tags: 2
2018-06-20 14:17:09,083 - language_support.LanguageSupport - DEBUG - initializing filenames...
2018-06-20 14:17:09,083 - language_support.LanguageSupport - DEBUG - Files: 2
2018-06-20 14:17:09,083 - language_support.LanguageSupport - DEBUG - initializing reference file...
2018-06-20 14:17:09,084 - language_support.LanguageSupport - DEBUG - retrived strings: 4
2018-06-20 14:17:09,084 - language_support.LanguageSupport - DEBUG - Reading language files...
2018-06-20 14:17:09,084 - language_support.LanguageSupport - DEBUG - reading blocks..
2018-06-20 14:17:09,085 - language_support.LanguageSupport - DEBUG - reading blocks..
2018-06-20 14:17:09,086 - __main__ - INFO - 
---Happy rate bot---
2018-06-20 14:17:09,086 - __main__ - INFO - Bot data read, bot ready
2018-06-20 14:17:09,087 - Databases - DEBUG - loading db...
2018-06-20 14:17:09,087 - Databases - DEBUG - Loaded 1 data
2018-06-20 14:17:09,088 - PersonDB - INFO - loaded persons db
2018-06-20 14:17:09,088 - PersonDB - INFO - last uid:0
2018-06-20 14:17:09,088 - Databases - DEBUG - loading db...
2018-06-20 14:17:09,089 - Databases - DEBUG - Loaded 1 data
2018-06-20 14:17:09,090 - ChatsDB - INFO - loaded chats db
2018-06-20 14:17:09,090 - ChatsDB - INFO - last uid:1
2018-06-20 14:17:09,091 - Databases - DEBUG - loading db...
2018-06-20 14:17:09,091 - Databases - DEBUG - Loaded 1 data
2018-06-20 14:17:09,092 - UsersDB - INFO - loaded users database
2018-06-20 14:17:09,092 - UsersDB - INFO - last uid:1
2018-06-20 14:17:09,092 - __main__ - INFO - Loaded databases
2018-06-20 14:17:09,093 - __main__ - INFO - Message loop started
2018-06-20 14:17:14,048 - __main__ - DEBUG - private message received
2018-06-20 14:17:14,610 - UsersDB - DEBUG - User already in database, got user
2018-06-20 14:17:15,139 - __main__ - DEBUG - handle privacy policy
2018-06-20 14:17:15,140 - Handle - DEBUG - working on function /accept
2018-06-20 14:17:51,335 - language_support.LanguageSupport - DEBUG - initializing tags...
2018-06-20 14:17:51,336 - language_support.LanguageSupport - DEBUG - tags: 2
2018-06-20 14:17:51,337 - language_support.LanguageSupport - DEBUG - initializing filenames...
2018-06-20 14:17:51,337 - language_support.LanguageSupport - DEBUG - Files: 2
2018-06-20 14:17:51,337 - language_support.LanguageSupport - DEBUG - initializing reference file...
2018-06-20 14:17:51,338 - language_support.LanguageSupport - DEBUG - retrived strings: 4
2018-06-20 14:17:51,338 - language_support.LanguageSupport - DEBUG - Reading language files...
2018-06-20 14:17:51,339 - language_support.LanguageSupport - DEBUG - reading blocks..
2018-06-20 14:17:51,340 - language_support.LanguageSupport - DEBUG - reading blocks..
2018-06-20 14:17:51,341 - __main__ - INFO - 
---Happy rate bot---
2018-06-20 14:17:51,341 - __main__ - INFO - Bot data read, bot ready
2018-06-20 14:17:51,341 - Databases - DEBUG - loading db...
2018-06-20 14:17:51,342 - Databases - DEBUG - Loaded 1 data
2018-06-20 14:17:51,342 - PersonDB - INFO - loaded persons db
2018-06-20 14:17:51,342 - PersonDB - INFO - last uid:0
2018-06-20 14:17:51,343 - Databases - DEBUG - loading db...
2018-06-20 14:17:51,343 - Databases - DEBUG - Loaded 1 data
2018-06-20 14:17:51,343 - ChatsDB - INFO - loaded chats db
2018-06-20 14:17:51,344 - ChatsDB - INFO - last uid:1
2018-06-20 14:17:51,344 - Databases - DEBUG - loading db...
2018-06-20 14:17:51,345 - Databases - DEBUG - Loaded 1 data
2018-06-20 14:17:51,345 - UsersDB - INFO - loaded users database
2018-06-20 14:17:51,345 - UsersDB - INFO - last uid:1
2018-06-20 14:17:51,346 - __main__ - INFO - Loaded databases
2018-06-20 14:17:51,346 - __main__ - INFO - Message loop started
2018-06-20 14:17:55,999 - __main__ - DEBUG - private message received
2018-06-20 14:17:56,574 - UsersDB - DEBUG - User already in database, got user
2018-06-20 14:17:57,106 - __main__ - DEBUG - handle privacy policy
2018-06-20 14:17:57,107 - language_support.LanguageSupport - DEBUG - translating string...
2018-06-20 14:17:57,369 - ChatsDB - DEBUG - updating database...
2018-06-20 14:17:57,370 - UsersDB - INFO - updating database...
2018-06-20 14:17:57,370 - PersonDB - DEBUG - updating database...
2018-06-20 14:18:00,181 - __main__ - DEBUG - private message received
2018-06-20 14:18:00,747 - UsersDB - DEBUG - User already in database, got user
2018-06-20 14:18:01,299 - __main__ - DEBUG - handle privacy policy
2018-06-20 14:18:01,300 - Handle - DEBUG - working on function /accept
2018-06-20 14:18:01,447 - __main__ - DEBUG - handle rest
2018-06-20 14:18:01,448 - language_support.LanguageSupport - DEBUG - translating string...
2018-06-20 14:18:01,561 - ChatsDB - DEBUG - updating database...
2018-06-20 14:18:01,562 - UsersDB - INFO - updating database...
2018-06-20 14:18:01,564 - Databases - DEBUG - database update!
2018-06-20 14:18:01,565 - PersonDB - DEBUG - updating database...
2018-06-20 14:18:06,026 - __main__ - DEBUG - private message received
2018-06-20 14:18:06,626 - UsersDB - DEBUG - User already in database, got user
2018-06-20 14:18:07,179 - __main__ - DEBUG - handle privacy policy
2018-06-20 14:18:07,180 - __main__ - DEBUG - handle rest
2018-06-20 14:18:07,180 - language_support.LanguageSupport - DEBUG - translating string...
2018-06-20 14:18:07,250 - ChatsDB - DEBUG - updating database...
2018-06-20 14:18:07,250 - UsersDB - INFO - updating database...
2018-06-20 14:18:07,250 - PersonDB - DEBUG - updating database...
2018-06-20 14:18:10,927 - __main__ - DEBUG - private message received
2018-06-20 14:18:11,499 - UsersDB - DEBUG - User already in database, got user
2018-06-20 14:18:12,050 - __main__ - DEBUG - handle privacy policy
2018-06-20 14:18:12,050 - __main__ - DEBUG - handle rest
2018-06-20 14:18:12,051 - language_support.LanguageSupport - DEBUG - translating string...
2018-06-20 14:18:12,150 - ChatsDB - DEBUG - updating database...
2018-06-20 14:18:12,151 - UsersDB - INFO - updating database...
2018-06-20 14:18:12,151 - PersonDB - DEBUG - updating database...
2018-06-20 14:18:14,642 - language_support.LanguageSupport - DEBUG - initializing tags...
2018-06-20 14:18:14,642 - language_support.LanguageSupport - DEBUG - tags: 2
2018-06-20 14:18:14,643 - language_support.LanguageSupport - DEBUG - initializing filenames...
2018-06-20 14:18:14,643 - language_support.LanguageSupport - DEBUG - Files: 2
2018-06-20 14:18:14,643 - language_support.LanguageSupport - DEBUG - initializing reference file...
2018-06-20 14:18:14,644 - language_support.LanguageSupport - DEBUG - retrived strings: 4
2018-06-20 14:18:14,644 - language_support.LanguageSupport - DEBUG - Reading language files...
2018-06-20 14:18:14,644 - language_support.LanguageSupport - DEBUG - reading blocks..
2018-06-20 14:18:14,644 - language_support.LanguageSupport - DEBUG - reading blocks..
2018-06-20 14:18:14,645 - __main__ - INFO - 
---Happy rate bot---
2018-06-20 14:18:14,646 - __main__ - INFO - Bot data read, bot ready
2018-06-20 14:18:14,646 - Databases - DEBUG - loading db...
2018-06-20 14:18:14,647 - Databases - DEBUG - Loaded 1 data
2018-06-20 14:18:14,647 - PersonDB - INFO - loaded persons db
2018-06-20 14:18:14,647 - PersonDB - INFO - last uid:0
2018-06-20 14:18:14,647 - Databases - DEBUG - loading db...
2018-06-20 14:18:14,648 - Databases - DEBUG - Loaded 1 data
2018-06-20 14:18:14,649 - ChatsDB - INFO - loaded chats db
2018-06-20 14:18:14,649 - ChatsDB - INFO - last uid:1
2018-06-20 14:18:14,649 - Databases - DEBUG - loading db...
2018-06-20 14:18:14,650 - Databases - DEBUG - Loaded 1 data
2018-06-20 14:18:14,650 - UsersDB - INFO - loaded users database
2018-06-20 14:18:14,650 - UsersDB - INFO - last uid:1
2018-06-20 14:18:14,650 - __main__ - INFO - Loaded databases
2018-06-20 14:18:14,651 - __main__ - INFO - Message loop started
2018-06-20 14:18:21,718 - __main__ - DEBUG - private message received
2018-06-20 14:18:22,270 - UsersDB - DEBUG - User already in database, got user
2018-06-20 14:18:22,877 - __main__ - DEBUG - handle privacy policy
2018-06-20 14:18:22,878 - __main__ - DEBUG - handle rest
2018-06-20 14:18:22,878 - language_support.LanguageSupport - DEBUG - translating string...
2018-06-20 14:18:23,132 - ChatsDB - DEBUG - updating database...
2018-06-20 14:18:23,132 - UsersDB - INFO - updating database...
2018-06-20 14:18:23,132 - PersonDB - DEBUG - updating database...
